<?xml version="1.0" encoding="UTF-8"?>
<robot generator="Robot 5.0 (Python 3.10.10 on win32)" generated="20250526 09:34:02.706" rpa="false" schemaversion="3">
<suite id="s1" name="Tc Ttb 01" source="C:\NAT\Desktop\Automation test\Mobile\testcases\tc_ttb_01.robot">
<test id="s1-t1" name="Verify App Minimal" line="6">
<kw name="Open App Minimal" library="ttb_page">
<doc>Open app minimal</doc>
<kw name="Open application from path" library="common_app">
<arg>${app_minimal}</arg>
<arg>appWaitForLaunch=true</arg>
<arg>unicodeKeyboard=true</arg>
<arg>resetKeyboard=true</arg>
<arg>autoGrantPermissions=true</arg>
<doc>Open application from path with apk</doc>
<kw name="Run Keyword And Ignore Error" library="BuiltIn">
<arg>AppiumLibrary.Close all applications</arg>
<doc>Runs the given keyword with the given arguments and ignores possible error.</doc>
<kw name="Close All Applications" library="AppiumLibrary">
<doc>Closes all open applications.</doc>
<status status="PASS" starttime="20250526 09:34:05.117" endtime="20250526 09:34:05.118"/>
</kw>
<status status="PASS" starttime="20250526 09:34:05.117" endtime="20250526 09:34:05.118"/>
</kw>
<kw name="Run Keyword And Return Status" library="BuiltIn">
<var>${status}</var>
<arg>AppiumLibrary.Open application</arg>
<arg>remote_url=${remoteUrl}</arg>
<arg>automationName=${automation}</arg>
<arg>platformName=${platform}</arg>
<arg>platformVersion=${platformVersion}</arg>
<arg>deviceName=${deviceName}</arg>
<arg>udid=${udid}</arg>
<arg>app=${app_name}</arg>
<arg>noReset=${False}</arg>
<arg>newCommandTimeout=${0}</arg>
<arg>autoGrantPermissions=${autoGrantPermissions}</arg>
<arg>unicodeKeyboard=${unicodeKeyboard}</arg>
<arg>resetKeyboard=${resetKeyboard}</arg>
<arg>autoAcceptAlerts=${True}</arg>
<arg>autoDismissAlerts=${True}</arg>
<arg>systemPort=${systemPort}</arg>
<arg>appWaitForLaunch=${appWaitForLaunch}</arg>
<doc>Runs the given keyword with given arguments and returns the status as a Boolean value.</doc>
<kw name="Open Application" library="AppiumLibrary">
<arg>remote_url=${remoteUrl}</arg>
<arg>automationName=${automation}</arg>
<arg>platformName=${platform}</arg>
<arg>platformVersion=${platformVersion}</arg>
<arg>deviceName=${deviceName}</arg>
<arg>udid=${udid}</arg>
<arg>app=${app_name}</arg>
<arg>noReset=${False}</arg>
<arg>newCommandTimeout=${0}</arg>
<arg>autoGrantPermissions=${autoGrantPermissions}</arg>
<arg>unicodeKeyboard=${unicodeKeyboard}</arg>
<arg>resetKeyboard=${resetKeyboard}</arg>
<arg>autoAcceptAlerts=${True}</arg>
<arg>autoDismissAlerts=${True}</arg>
<arg>systemPort=${systemPort}</arg>
<arg>appWaitForLaunch=${appWaitForLaunch}</arg>
<doc>Opens a new application to given Appium server.
Capabilities of appium server, Android and iOS,
Please check https://github.com/appium/appium/blob/master/docs/en/writing-running-appium/server-args.md
| *Option*            | *Man.* | *Description*     |
| remote_url          | Yes    | Appium server url |
| alias               | no     | alias             |</doc>
<kw name="No Operation" library="BuiltIn">
<doc>Does absolutely nothing.</doc>
<status status="PASS" starttime="20250526 09:34:09.296" endtime="20250526 09:34:09.297"/>
</kw>
<msg timestamp="20250526 09:34:09.297" level="FAIL">WebDriverException: Message: An unknown server-side error occurred while processing the command. Original error: UiAutomator2 Server cannot start because the local port #8201 is busy. Make sure the port you provide via 'systemPort' capability is not occupied. This situation might often be a result of an inaccurate sessions management, e.g. old automation sessions on the same device must always be closed before starting new ones.
</msg>
<status status="FAIL" starttime="20250526 09:34:05.119" endtime="20250526 09:34:09.310"/>
</kw>
<msg timestamp="20250526 09:34:09.310" level="INFO">${status} = False</msg>
<status status="PASS" starttime="20250526 09:34:05.118" endtime="20250526 09:34:09.311"/>
</kw>
<kw name="Run Keyword And Return If" library="BuiltIn">
<arg>${status} == ${False}</arg>
<arg>AppiumLibrary.Open application</arg>
<arg>remote_url=${remoteUrl}</arg>
<arg>automationName=${automation}</arg>
<arg>platformName=${platform}</arg>
<arg>platformVersion=${platformVersion}</arg>
<arg>deviceName=${deviceName}</arg>
<arg>udid=${udid}</arg>
<arg>app=${app_name}</arg>
<arg>noReset=${False}</arg>
<arg>newCommandTimeout=${0}</arg>
<arg>autoGrantPermissions=${autoGrantPermissions}</arg>
<arg>unicodeKeyboard=${unicodeKeyboard}</arg>
<arg>resetKeyboard=${resetKeyboard}</arg>
<arg>autoAcceptAlerts=${True}</arg>
<arg>autoDismissAlerts=${True}</arg>
<arg>systemPort=${systemPort}</arg>
<arg>appWaitForLaunch=${appWaitForLaunch}</arg>
<doc>Runs the specified keyword and returns from the enclosing user keyword.</doc>
<kw name="Open Application" library="AppiumLibrary">
<arg>remote_url=${remoteUrl}</arg>
<arg>automationName=${automation}</arg>
<arg>platformName=${platform}</arg>
<arg>platformVersion=${platformVersion}</arg>
<arg>deviceName=${deviceName}</arg>
<arg>udid=${udid}</arg>
<arg>app=${app_name}</arg>
<arg>noReset=${False}</arg>
<arg>newCommandTimeout=${0}</arg>
<arg>autoGrantPermissions=${autoGrantPermissions}</arg>
<arg>unicodeKeyboard=${unicodeKeyboard}</arg>
<arg>resetKeyboard=${resetKeyboard}</arg>
<arg>autoAcceptAlerts=${True}</arg>
<arg>autoDismissAlerts=${True}</arg>
<arg>systemPort=${systemPort}</arg>
<arg>appWaitForLaunch=${appWaitForLaunch}</arg>
<doc>Opens a new application to given Appium server.
Capabilities of appium server, Android and iOS,
Please check https://github.com/appium/appium/blob/master/docs/en/writing-running-appium/server-args.md
| *Option*            | *Man.* | *Description*     |
| remote_url          | Yes    | Appium server url |
| alias               | no     | alias             |</doc>
<status status="PASS" starttime="20250526 09:34:09.311" endtime="20250526 09:34:23.064"/>
</kw>
<msg timestamp="20250526 09:34:23.064" level="INFO">Returning from the enclosing user keyword.</msg>
<status status="PASS" starttime="20250526 09:34:09.311" endtime="20250526 09:34:23.064"/>
</kw>
<kw name="Enable appium ime keyboard using adb" library="common_app">
<status status="NOT RUN" starttime="20250526 09:34:23.064" endtime="20250526 09:34:23.064"/>
</kw>
<kw name="Execute Adb Shell" library="AppiumLibrary">
<arg>settings put global heads_up_notifications_enabled 0</arg>
<doc>Execute ADB shell commands</doc>
<status status="NOT RUN" starttime="20250526 09:34:23.065" endtime="20250526 09:34:23.065"/>
</kw>
<kw name="Execute Adb Shell" library="AppiumLibrary">
<arg>settings put secure spell_checker_enabled 0</arg>
<doc>Execute ADB shell commands</doc>
<status status="NOT RUN" starttime="20250526 09:34:23.065" endtime="20250526 09:34:23.065"/>
</kw>
<status status="PASS" starttime="20250526 09:34:05.116" endtime="20250526 09:34:23.065"/>
</kw>
<status status="PASS" starttime="20250526 09:34:05.116" endtime="20250526 09:34:23.066"/>
</kw>
<kw name="Verify header" library="ttb_page">
<kw name="Wait Until Element Is Visible" library="AppiumLibrary">
<arg>${ttb_locator['header_app']}</arg>
<doc>Waits until element specified with `locator` is visible.</doc>
<status status="PASS" starttime="20250526 09:34:23.066" endtime="20250526 09:34:23.714"/>
</kw>
<status status="PASS" starttime="20250526 09:34:23.066" endtime="20250526 09:34:23.714"/>
</kw>
<kw name="Verify Tap Button Add" library="ttb_page">
<kw name="Tap element when ready" library="common_app">
<arg>${ttb_locator['btn_add']}</arg>
<doc>There are 2 modes; the first one is to wait until element is ready then tap (this is a default).</doc>
<for flavor="IN RANGE">
<var>${i}</var>
<value>1</value>
<value>${max_attempts}</value>
<iter>
<var name="${i}">1</var>
<if>
<branch type="IF" condition="'${wait_until_ready}' == '${True}'">
<if>
<branch type="IF" condition="${only_contain}">
<kw name="Run Keyword And Ignore Error" library="BuiltIn">
<var>${wait_status}</var>
<arg>Wait until page contain element except stale</arg>
<arg>${locator}</arg>
<arg>${timeout}</arg>
<doc>Runs the given keyword with the given arguments and ignores possible error.</doc>
<status status="NOT RUN" starttime="20250526 09:34:23.717" endtime="20250526 09:34:23.717"/>
</kw>
<kw name="Convert To String" library="BuiltIn">
<var>${err_msg_wait}</var>
<arg>${wait_status[1]}</arg>
<doc>Converts the given item to a Unicode string.</doc>
<status status="NOT RUN" starttime="20250526 09:34:23.718" endtime="20250526 09:34:23.718"/>
</kw>
<status status="NOT RUN" starttime="20250526 09:34:23.717" endtime="20250526 09:34:23.718"/>
</branch>
<branch type="ELSE">
<kw name="Run Keyword And Ignore Error" library="BuiltIn">
<var>${wait_status}</var>
<arg>Wait until element is visible except stale</arg>
<arg>${locator}</arg>
<arg>${timeout}</arg>
<doc>Runs the given keyword with the given arguments and ignores possible error.</doc>
<kw name="Wait until element is visible except stale" library="common_app">
<arg>${locator}</arg>
<arg>${timeout}</arg>
<doc>Wait until element is visible except stale</doc>
<for flavor="IN RANGE">
<var>${i}</var>
<value>1</value>
<value>${max_attempts}</value>
<iter>
<var name="${i}">1</var>
<kw name="Run Keyword And Ignore Error" library="BuiltIn">
<var>${is_visible}</var>
<arg>AppiumLibrary.Wait until element is visible</arg>
<arg>${locator}</arg>
<arg>${timeout}</arg>
<doc>Runs the given keyword with the given arguments and ignores possible error.</doc>
<kw name="Wait Until Element Is Visible" library="AppiumLibrary">
<arg>${locator}</arg>
<arg>${timeout}</arg>
<doc>Waits until element specified with `locator` is visible.</doc>
<status status="PASS" starttime="20250526 09:34:23.719" endtime="20250526 09:34:23.819"/>
</kw>
<msg timestamp="20250526 09:34:23.820" level="INFO">${is_visible} = ('PASS', None)</msg>
<status status="PASS" starttime="20250526 09:34:23.718" endtime="20250526 09:34:23.820"/>
</kw>
<kw name="Convert To String" library="BuiltIn">
<var>${err_msg}</var>
<arg>${is_visible[1]}</arg>
<doc>Converts the given item to a Unicode string.</doc>
<msg timestamp="20250526 09:34:23.820" level="INFO">${err_msg} = None</msg>
<status status="PASS" starttime="20250526 09:34:23.820" endtime="20250526 09:34:23.820"/>
</kw>
<kw name="Run Keyword And Return Status" library="BuiltIn">
<var>${is_not_stale}</var>
<arg>Should not contain</arg>
<arg>${err_msg}</arg>
<arg>StaleElementReferenceException</arg>
<doc>Runs the given keyword with given arguments and returns the status as a Boolean value.</doc>
<kw name="Should Not Contain" library="BuiltIn">
<arg>${err_msg}</arg>
<arg>StaleElementReferenceException</arg>
<doc>Fails if ``container`` contains ``item`` one or more times.</doc>
<status status="PASS" starttime="20250526 09:34:23.821" endtime="20250526 09:34:23.821"/>
</kw>
<msg timestamp="20250526 09:34:23.821" level="INFO">${is_not_stale} = True</msg>
<status status="PASS" starttime="20250526 09:34:23.821" endtime="20250526 09:34:23.821"/>
</kw>
<kw name="Run Keyword And Return Status" library="BuiltIn">
<var>${no_err_msg}</var>
<arg>Should be equal</arg>
<arg>${is_visible[0]}</arg>
<arg>PASS</arg>
<arg>msg=${err_msg}</arg>
<doc>Runs the given keyword with given arguments and returns the status as a Boolean value.</doc>
<kw name="Should Be Equal" library="BuiltIn">
<arg>${is_visible[0]}</arg>
<arg>PASS</arg>
<arg>msg=${err_msg}</arg>
<doc>Fails if the given objects are unequal.</doc>
<status status="PASS" starttime="20250526 09:34:23.822" endtime="20250526 09:34:23.823"/>
</kw>
<msg timestamp="20250526 09:34:23.823" level="INFO">${no_err_msg} = True</msg>
<status status="PASS" starttime="20250526 09:34:23.822" endtime="20250526 09:34:23.823"/>
</kw>
<kw name="Evaluate" library="BuiltIn">
<var>${result}</var>
<arg>${is_not_stale} and ${no_err_msg}</arg>
<doc>Evaluates the given expression in Python and returns the result.</doc>
<msg timestamp="20250526 09:34:23.823" level="INFO">${result} = True</msg>
<status status="PASS" starttime="20250526 09:34:23.823" endtime="20250526 09:34:23.823"/>
</kw>
<kw name="Exit For Loop If" library="BuiltIn">
<arg>${result}</arg>
<doc>Stops executing the enclosing FOR loop if the ``condition`` is true.</doc>
<msg timestamp="20250526 09:34:23.823" level="INFO">Exiting for loop altogether.</msg>
<status status="PASS" starttime="20250526 09:34:23.823" endtime="20250526 09:34:23.824"/>
</kw>
<status status="PASS" starttime="20250526 09:34:23.718" endtime="20250526 09:34:23.824"/>
</iter>
<status status="PASS" starttime="20250526 09:34:23.718" endtime="20250526 09:34:23.824"/>
</for>
<kw name="Should Be True" library="BuiltIn">
<arg>${result}</arg>
<arg>msg="element either in stale mode or not visible, error message is ${err_msg}"</arg>
<doc>Fails if the given condition is not true.</doc>
<status status="PASS" starttime="20250526 09:34:23.824" endtime="20250526 09:34:23.824"/>
</kw>
<status status="PASS" starttime="20250526 09:34:23.718" endtime="20250526 09:34:23.824"/>
</kw>
<msg timestamp="20250526 09:34:23.824" level="INFO">${wait_status} = ('PASS', None)</msg>
<status status="PASS" starttime="20250526 09:34:23.718" endtime="20250526 09:34:23.824"/>
</kw>
<kw name="Convert To String" library="BuiltIn">
<var>${err_msg_wait}</var>
<arg>${wait_status[1]}</arg>
<doc>Converts the given item to a Unicode string.</doc>
<msg timestamp="20250526 09:34:23.826" level="INFO">${err_msg_wait} = None</msg>
<status status="PASS" starttime="20250526 09:34:23.824" endtime="20250526 09:34:23.826"/>
</kw>
<status status="PASS" starttime="20250526 09:34:23.718" endtime="20250526 09:34:23.826"/>
</branch>
<status status="PASS" starttime="20250526 09:34:23.717" endtime="20250526 09:34:23.826"/>
</if>
<status status="PASS" starttime="20250526 09:34:23.717" endtime="20250526 09:34:23.826"/>
</branch>
<branch type="ELSE">
<kw name="Set Variable" library="BuiltIn">
<var>${err_msg_wait}</var>
<arg>${EMPTY}</arg>
<doc>Returns the given values which can then be assigned to a variables.</doc>
<status status="NOT RUN" starttime="20250526 09:34:23.826" endtime="20250526 09:34:23.826"/>
</kw>
<status status="NOT RUN" starttime="20250526 09:34:23.826" endtime="20250526 09:34:23.826"/>
</branch>
<status status="PASS" starttime="20250526 09:34:23.717" endtime="20250526 09:34:23.826"/>
</if>
<kw name="Run Keyword And Ignore Error" library="BuiltIn">
<var>${tap_status}</var>
<arg>AppiumLibrary.Tap</arg>
<arg>${locator}</arg>
<doc>Runs the given keyword with the given arguments and ignores possible error.</doc>
<kw name="Tap" library="AppiumLibrary">
<arg>${locator}</arg>
<doc>Tap element identified by ``locator``. </doc>
<status status="PASS" starttime="20250526 09:34:23.826" endtime="20250526 09:34:24.094"/>
</kw>
<msg timestamp="20250526 09:34:24.094" level="INFO">${tap_status} = ('PASS', None)</msg>
<status status="PASS" starttime="20250526 09:34:23.826" endtime="20250526 09:34:24.094"/>
</kw>
<kw name="Convert To String" library="BuiltIn">
<var>${err_msg_tap}</var>
<arg>${tap_status[1]}</arg>
<doc>Converts the given item to a Unicode string.</doc>
<msg timestamp="20250526 09:34:24.095" level="INFO">${err_msg_tap} = None</msg>
<status status="PASS" starttime="20250526 09:34:24.094" endtime="20250526 09:34:24.095"/>
</kw>
<kw name="Evaluate" library="BuiltIn">
<var>${result}</var>
<arg>'${tap_status[0]}' == 'PASS'</arg>
<doc>Evaluates the given expression in Python and returns the result.</doc>
<msg timestamp="20250526 09:34:24.096" level="INFO">${result} = True</msg>
<status status="PASS" starttime="20250526 09:34:24.095" endtime="20250526 09:34:24.096"/>
</kw>
<kw name="Exit For Loop If" library="BuiltIn">
<arg>${result}</arg>
<doc>Stops executing the enclosing FOR loop if the ``condition`` is true.</doc>
<msg timestamp="20250526 09:34:24.096" level="INFO">Exiting for loop altogether.</msg>
<status status="PASS" starttime="20250526 09:34:24.096" endtime="20250526 09:34:24.097"/>
</kw>
<kw name="Set Variable" library="BuiltIn">
<var>${wait_until_ready}</var>
<arg>${TRUE}</arg>
<doc>Returns the given values which can then be assigned to a variables.</doc>
<status status="NOT RUN" starttime="20250526 09:34:24.097" endtime="20250526 09:34:24.098"/>
</kw>
<status status="PASS" starttime="20250526 09:34:23.717" endtime="20250526 09:34:24.098"/>
</iter>
<status status="PASS" starttime="20250526 09:34:23.716" endtime="20250526 09:34:24.098"/>
</for>
<kw name="Should Be True" library="BuiltIn">
<arg>${result}</arg>
<arg>msg='Unable to tap after ${${max_attempts}-1} attempts, with error ${err_msg_tap}, ${err_msg_wait},'</arg>
<doc>Fails if the given condition is not true.</doc>
<status status="PASS" starttime="20250526 09:34:24.098" endtime="20250526 09:34:24.101"/>
</kw>
<status status="PASS" starttime="20250526 09:34:23.716" endtime="20250526 09:34:24.101"/>
</kw>
<kw name="Wait Until Element Is Visible" library="AppiumLibrary">
<arg>${ttb_locator['header_title']}</arg>
<doc>Waits until element specified with `locator` is visible.</doc>
<status status="PASS" starttime="20250526 09:34:24.101" endtime="20250526 09:34:25.513"/>
</kw>
<status status="PASS" starttime="20250526 09:34:23.716" endtime="20250526 09:34:25.513"/>
</kw>
<kw name="Input Title" library="ttb_page">
<arg>${data_test['text_title']}</arg>
<kw name="Input text to element when ready" library="common_app">
<arg>${ttb_locator['input_title']}</arg>
<arg>${text_title}</arg>
<doc>There are 2 modes; the first one is to wait until element is ready then tap (this is a default).</doc>
<kw name="Tap element when ready" library="common_app">
<arg>${locator}</arg>
<arg>timeout=${timeout}</arg>
<arg>wait_until_ready=${wait_until_ready}</arg>
<arg>max_attempts=${max_attempts}</arg>
<doc>There are 2 modes; the first one is to wait until element is ready then tap (this is a default).</doc>
<for flavor="IN RANGE">
<var>${i}</var>
<value>1</value>
<value>${max_attempts}</value>
<iter>
<var name="${i}">1</var>
<if>
<branch type="IF" condition="'${wait_until_ready}' == '${True}'">
<if>
<branch type="IF" condition="${only_contain}">
<kw name="Run Keyword And Ignore Error" library="BuiltIn">
<var>${wait_status}</var>
<arg>Wait until page contain element except stale</arg>
<arg>${locator}</arg>
<arg>${timeout}</arg>
<doc>Runs the given keyword with the given arguments and ignores possible error.</doc>
<status status="NOT RUN" starttime="20250526 09:34:25.517" endtime="20250526 09:34:25.517"/>
</kw>
<kw name="Convert To String" library="BuiltIn">
<var>${err_msg_wait}</var>
<arg>${wait_status[1]}</arg>
<doc>Converts the given item to a Unicode string.</doc>
<status status="NOT RUN" starttime="20250526 09:34:25.517" endtime="20250526 09:34:25.517"/>
</kw>
<status status="NOT RUN" starttime="20250526 09:34:25.517" endtime="20250526 09:34:25.517"/>
</branch>
<branch type="ELSE">
<kw name="Run Keyword And Ignore Error" library="BuiltIn">
<var>${wait_status}</var>
<arg>Wait until element is visible except stale</arg>
<arg>${locator}</arg>
<arg>${timeout}</arg>
<doc>Runs the given keyword with the given arguments and ignores possible error.</doc>
<kw name="Wait until element is visible except stale" library="common_app">
<arg>${locator}</arg>
<arg>${timeout}</arg>
<doc>Wait until element is visible except stale</doc>
<for flavor="IN RANGE">
<var>${i}</var>
<value>1</value>
<value>${max_attempts}</value>
<iter>
<var name="${i}">1</var>
<kw name="Run Keyword And Ignore Error" library="BuiltIn">
<var>${is_visible}</var>
<arg>AppiumLibrary.Wait until element is visible</arg>
<arg>${locator}</arg>
<arg>${timeout}</arg>
<doc>Runs the given keyword with the given arguments and ignores possible error.</doc>
<kw name="Wait Until Element Is Visible" library="AppiumLibrary">
<arg>${locator}</arg>
<arg>${timeout}</arg>
<doc>Waits until element specified with `locator` is visible.</doc>
<status status="PASS" starttime="20250526 09:34:25.518" endtime="20250526 09:34:25.741"/>
</kw>
<msg timestamp="20250526 09:34:25.741" level="INFO">${is_visible} = ('PASS', None)</msg>
<status status="PASS" starttime="20250526 09:34:25.518" endtime="20250526 09:34:25.741"/>
</kw>
<kw name="Convert To String" library="BuiltIn">
<var>${err_msg}</var>
<arg>${is_visible[1]}</arg>
<doc>Converts the given item to a Unicode string.</doc>
<msg timestamp="20250526 09:34:25.741" level="INFO">${err_msg} = None</msg>
<status status="PASS" starttime="20250526 09:34:25.741" endtime="20250526 09:34:25.741"/>
</kw>
<kw name="Run Keyword And Return Status" library="BuiltIn">
<var>${is_not_stale}</var>
<arg>Should not contain</arg>
<arg>${err_msg}</arg>
<arg>StaleElementReferenceException</arg>
<doc>Runs the given keyword with given arguments and returns the status as a Boolean value.</doc>
<kw name="Should Not Contain" library="BuiltIn">
<arg>${err_msg}</arg>
<arg>StaleElementReferenceException</arg>
<doc>Fails if ``container`` contains ``item`` one or more times.</doc>
<status status="PASS" starttime="20250526 09:34:25.741" endtime="20250526 09:34:25.741"/>
</kw>
<msg timestamp="20250526 09:34:25.741" level="INFO">${is_not_stale} = True</msg>
<status status="PASS" starttime="20250526 09:34:25.741" endtime="20250526 09:34:25.741"/>
</kw>
<kw name="Run Keyword And Return Status" library="BuiltIn">
<var>${no_err_msg}</var>
<arg>Should be equal</arg>
<arg>${is_visible[0]}</arg>
<arg>PASS</arg>
<arg>msg=${err_msg}</arg>
<doc>Runs the given keyword with given arguments and returns the status as a Boolean value.</doc>
<kw name="Should Be Equal" library="BuiltIn">
<arg>${is_visible[0]}</arg>
<arg>PASS</arg>
<arg>msg=${err_msg}</arg>
<doc>Fails if the given objects are unequal.</doc>
<status status="PASS" starttime="20250526 09:34:25.743" endtime="20250526 09:34:25.743"/>
</kw>
<msg timestamp="20250526 09:34:25.743" level="INFO">${no_err_msg} = True</msg>
<status status="PASS" starttime="20250526 09:34:25.743" endtime="20250526 09:34:25.743"/>
</kw>
<kw name="Evaluate" library="BuiltIn">
<var>${result}</var>
<arg>${is_not_stale} and ${no_err_msg}</arg>
<doc>Evaluates the given expression in Python and returns the result.</doc>
<msg timestamp="20250526 09:34:25.743" level="INFO">${result} = True</msg>
<status status="PASS" starttime="20250526 09:34:25.743" endtime="20250526 09:34:25.743"/>
</kw>
<kw name="Exit For Loop If" library="BuiltIn">
<arg>${result}</arg>
<doc>Stops executing the enclosing FOR loop if the ``condition`` is true.</doc>
<msg timestamp="20250526 09:34:25.745" level="INFO">Exiting for loop altogether.</msg>
<status status="PASS" starttime="20250526 09:34:25.743" endtime="20250526 09:34:25.745"/>
</kw>
<status status="PASS" starttime="20250526 09:34:25.518" endtime="20250526 09:34:25.745"/>
</iter>
<status status="PASS" starttime="20250526 09:34:25.518" endtime="20250526 09:34:25.746"/>
</for>
<kw name="Should Be True" library="BuiltIn">
<arg>${result}</arg>
<arg>msg="element either in stale mode or not visible, error message is ${err_msg}"</arg>
<doc>Fails if the given condition is not true.</doc>
<status status="PASS" starttime="20250526 09:34:25.746" endtime="20250526 09:34:25.746"/>
</kw>
<status status="PASS" starttime="20250526 09:34:25.517" endtime="20250526 09:34:25.747"/>
</kw>
<msg timestamp="20250526 09:34:25.747" level="INFO">${wait_status} = ('PASS', None)</msg>
<status status="PASS" starttime="20250526 09:34:25.517" endtime="20250526 09:34:25.747"/>
</kw>
<kw name="Convert To String" library="BuiltIn">
<var>${err_msg_wait}</var>
<arg>${wait_status[1]}</arg>
<doc>Converts the given item to a Unicode string.</doc>
<msg timestamp="20250526 09:34:25.747" level="INFO">${err_msg_wait} = None</msg>
<status status="PASS" starttime="20250526 09:34:25.747" endtime="20250526 09:34:25.747"/>
</kw>
<status status="PASS" starttime="20250526 09:34:25.517" endtime="20250526 09:34:25.747"/>
</branch>
<status status="PASS" starttime="20250526 09:34:25.517" endtime="20250526 09:34:25.747"/>
</if>
<status status="PASS" starttime="20250526 09:34:25.517" endtime="20250526 09:34:25.747"/>
</branch>
<branch type="ELSE">
<kw name="Set Variable" library="BuiltIn">
<var>${err_msg_wait}</var>
<arg>${EMPTY}</arg>
<doc>Returns the given values which can then be assigned to a variables.</doc>
<status status="NOT RUN" starttime="20250526 09:34:25.747" endtime="20250526 09:34:25.747"/>
</kw>
<status status="NOT RUN" starttime="20250526 09:34:25.747" endtime="20250526 09:34:25.747"/>
</branch>
<status status="PASS" starttime="20250526 09:34:25.516" endtime="20250526 09:34:25.747"/>
</if>
<kw name="Run Keyword And Ignore Error" library="BuiltIn">
<var>${tap_status}</var>
<arg>AppiumLibrary.Tap</arg>
<arg>${locator}</arg>
<doc>Runs the given keyword with the given arguments and ignores possible error.</doc>
<kw name="Tap" library="AppiumLibrary">
<arg>${locator}</arg>
<doc>Tap element identified by ``locator``. </doc>
<status status="PASS" starttime="20250526 09:34:25.749" endtime="20250526 09:34:26.278"/>
</kw>
<msg timestamp="20250526 09:34:26.279" level="INFO">${tap_status} = ('PASS', None)</msg>
<status status="PASS" starttime="20250526 09:34:25.749" endtime="20250526 09:34:26.280"/>
</kw>
<kw name="Convert To String" library="BuiltIn">
<var>${err_msg_tap}</var>
<arg>${tap_status[1]}</arg>
<doc>Converts the given item to a Unicode string.</doc>
<msg timestamp="20250526 09:34:26.281" level="INFO">${err_msg_tap} = None</msg>
<status status="PASS" starttime="20250526 09:34:26.281" endtime="20250526 09:34:26.281"/>
</kw>
<kw name="Evaluate" library="BuiltIn">
<var>${result}</var>
<arg>'${tap_status[0]}' == 'PASS'</arg>
<doc>Evaluates the given expression in Python and returns the result.</doc>
<msg timestamp="20250526 09:34:26.286" level="INFO">${result} = True</msg>
<status status="PASS" starttime="20250526 09:34:26.282" endtime="20250526 09:34:26.286"/>
</kw>
<kw name="Exit For Loop If" library="BuiltIn">
<arg>${result}</arg>
<doc>Stops executing the enclosing FOR loop if the ``condition`` is true.</doc>
<msg timestamp="20250526 09:34:26.289" level="INFO">Exiting for loop altogether.</msg>
<status status="PASS" starttime="20250526 09:34:26.287" endtime="20250526 09:34:26.290"/>
</kw>
<kw name="Set Variable" library="BuiltIn">
<var>${wait_until_ready}</var>
<arg>${TRUE}</arg>
<doc>Returns the given values which can then be assigned to a variables.</doc>
<status status="NOT RUN" starttime="20250526 09:34:26.290" endtime="20250526 09:34:26.290"/>
</kw>
<status status="PASS" starttime="20250526 09:34:25.516" endtime="20250526 09:34:26.290"/>
</iter>
<status status="PASS" starttime="20250526 09:34:25.516" endtime="20250526 09:34:26.290"/>
</for>
<kw name="Should Be True" library="BuiltIn">
<arg>${result}</arg>
<arg>msg='Unable to tap after ${${max_attempts}-1} attempts, with error ${err_msg_tap}, ${err_msg_wait},'</arg>
<doc>Fails if the given condition is not true.</doc>
<status status="PASS" starttime="20250526 09:34:26.290" endtime="20250526 09:34:26.291"/>
</kw>
<status status="PASS" starttime="20250526 09:34:25.515" endtime="20250526 09:34:26.291"/>
</kw>
<if>
<branch type="IF" condition="'${clear}' == '${True}'">
<kw name="Clear Text" library="AppiumLibrary">
<arg>${locator}</arg>
<doc>Clears the text field identified by `locator`.</doc>
<msg timestamp="20250526 09:34:26.295" level="INFO">Clear text field ' xpath=//android.widget.EditText'</msg>
<status status="PASS" starttime="20250526 09:34:26.293" endtime="20250526 09:34:27.061"/>
</kw>
<status status="PASS" starttime="20250526 09:34:26.291" endtime="20250526 09:34:27.061"/>
</branch>
<status status="PASS" starttime="20250526 09:34:26.291" endtime="20250526 09:34:27.061"/>
</if>
<kw name="Input Text" library="AppiumLibrary">
<arg>${locator}</arg>
<arg>${text}</arg>
<doc>Types the given `text` into text field identified by `locator`.</doc>
<msg timestamp="20250526 09:34:27.064" level="INFO">Typing text 'Minimal number 1' into text field ' xpath=//android.widget.EditText'</msg>
<status status="PASS" starttime="20250526 09:34:27.061" endtime="20250526 09:34:27.869"/>
</kw>
<status status="PASS" starttime="20250526 09:34:25.515" endtime="20250526 09:34:27.869"/>
</kw>
<status status="PASS" starttime="20250526 09:34:25.514" endtime="20250526 09:34:27.869"/>
</kw>
<kw name="Select Toggle Switch Remind Me" library="ttb_page">
<kw name="Tap element when ready" library="common_app">
<arg>${ttb_locator['switch_remind_me']}</arg>
<doc>There are 2 modes; the first one is to wait until element is ready then tap (this is a default).</doc>
<for flavor="IN RANGE">
<var>${i}</var>
<value>1</value>
<value>${max_attempts}</value>
<iter>
<var name="${i}">1</var>
<if>
<branch type="IF" condition="'${wait_until_ready}' == '${True}'">
<if>
<branch type="IF" condition="${only_contain}">
<kw name="Run Keyword And Ignore Error" library="BuiltIn">
<var>${wait_status}</var>
<arg>Wait until page contain element except stale</arg>
<arg>${locator}</arg>
<arg>${timeout}</arg>
<doc>Runs the given keyword with the given arguments and ignores possible error.</doc>
<status status="NOT RUN" starttime="20250526 09:34:27.875" endtime="20250526 09:34:27.875"/>
</kw>
<kw name="Convert To String" library="BuiltIn">
<var>${err_msg_wait}</var>
<arg>${wait_status[1]}</arg>
<doc>Converts the given item to a Unicode string.</doc>
<status status="NOT RUN" starttime="20250526 09:34:27.875" endtime="20250526 09:34:27.875"/>
</kw>
<status status="NOT RUN" starttime="20250526 09:34:27.874" endtime="20250526 09:34:27.875"/>
</branch>
<branch type="ELSE">
<kw name="Run Keyword And Ignore Error" library="BuiltIn">
<var>${wait_status}</var>
<arg>Wait until element is visible except stale</arg>
<arg>${locator}</arg>
<arg>${timeout}</arg>
<doc>Runs the given keyword with the given arguments and ignores possible error.</doc>
<kw name="Wait until element is visible except stale" library="common_app">
<arg>${locator}</arg>
<arg>${timeout}</arg>
<doc>Wait until element is visible except stale</doc>
<for flavor="IN RANGE">
<var>${i}</var>
<value>1</value>
<value>${max_attempts}</value>
<iter>
<var name="${i}">1</var>
<kw name="Run Keyword And Ignore Error" library="BuiltIn">
<var>${is_visible}</var>
<arg>AppiumLibrary.Wait until element is visible</arg>
<arg>${locator}</arg>
<arg>${timeout}</arg>
<doc>Runs the given keyword with the given arguments and ignores possible error.</doc>
<kw name="Wait Until Element Is Visible" library="AppiumLibrary">
<arg>${locator}</arg>
<arg>${timeout}</arg>
<doc>Waits until element specified with `locator` is visible.</doc>
<status status="PASS" starttime="20250526 09:34:27.877" endtime="20250526 09:34:28.668"/>
</kw>
<msg timestamp="20250526 09:34:28.668" level="INFO">${is_visible} = ('PASS', None)</msg>
<status status="PASS" starttime="20250526 09:34:27.877" endtime="20250526 09:34:28.668"/>
</kw>
<kw name="Convert To String" library="BuiltIn">
<var>${err_msg}</var>
<arg>${is_visible[1]}</arg>
<doc>Converts the given item to a Unicode string.</doc>
<msg timestamp="20250526 09:34:28.670" level="INFO">${err_msg} = None</msg>
<status status="PASS" starttime="20250526 09:34:28.669" endtime="20250526 09:34:28.670"/>
</kw>
<kw name="Run Keyword And Return Status" library="BuiltIn">
<var>${is_not_stale}</var>
<arg>Should not contain</arg>
<arg>${err_msg}</arg>
<arg>StaleElementReferenceException</arg>
<doc>Runs the given keyword with given arguments and returns the status as a Boolean value.</doc>
<kw name="Should Not Contain" library="BuiltIn">
<arg>${err_msg}</arg>
<arg>StaleElementReferenceException</arg>
<doc>Fails if ``container`` contains ``item`` one or more times.</doc>
<status status="PASS" starttime="20250526 09:34:28.670" endtime="20250526 09:34:28.671"/>
</kw>
<msg timestamp="20250526 09:34:28.671" level="INFO">${is_not_stale} = True</msg>
<status status="PASS" starttime="20250526 09:34:28.670" endtime="20250526 09:34:28.671"/>
</kw>
<kw name="Run Keyword And Return Status" library="BuiltIn">
<var>${no_err_msg}</var>
<arg>Should be equal</arg>
<arg>${is_visible[0]}</arg>
<arg>PASS</arg>
<arg>msg=${err_msg}</arg>
<doc>Runs the given keyword with given arguments and returns the status as a Boolean value.</doc>
<kw name="Should Be Equal" library="BuiltIn">
<arg>${is_visible[0]}</arg>
<arg>PASS</arg>
<arg>msg=${err_msg}</arg>
<doc>Fails if the given objects are unequal.</doc>
<status status="PASS" starttime="20250526 09:34:28.671" endtime="20250526 09:34:28.671"/>
</kw>
<msg timestamp="20250526 09:34:28.673" level="INFO">${no_err_msg} = True</msg>
<status status="PASS" starttime="20250526 09:34:28.671" endtime="20250526 09:34:28.673"/>
</kw>
<kw name="Evaluate" library="BuiltIn">
<var>${result}</var>
<arg>${is_not_stale} and ${no_err_msg}</arg>
<doc>Evaluates the given expression in Python and returns the result.</doc>
<msg timestamp="20250526 09:34:28.673" level="INFO">${result} = True</msg>
<status status="PASS" starttime="20250526 09:34:28.673" endtime="20250526 09:34:28.673"/>
</kw>
<kw name="Exit For Loop If" library="BuiltIn">
<arg>${result}</arg>
<doc>Stops executing the enclosing FOR loop if the ``condition`` is true.</doc>
<msg timestamp="20250526 09:34:28.673" level="INFO">Exiting for loop altogether.</msg>
<status status="PASS" starttime="20250526 09:34:28.673" endtime="20250526 09:34:28.673"/>
</kw>
<status status="PASS" starttime="20250526 09:34:27.877" endtime="20250526 09:34:28.673"/>
</iter>
<status status="PASS" starttime="20250526 09:34:27.877" endtime="20250526 09:34:28.673"/>
</for>
<kw name="Should Be True" library="BuiltIn">
<arg>${result}</arg>
<arg>msg="element either in stale mode or not visible, error message is ${err_msg}"</arg>
<doc>Fails if the given condition is not true.</doc>
<status status="PASS" starttime="20250526 09:34:28.674" endtime="20250526 09:34:28.674"/>
</kw>
<status status="PASS" starttime="20250526 09:34:27.876" endtime="20250526 09:34:28.674"/>
</kw>
<msg timestamp="20250526 09:34:28.674" level="INFO">${wait_status} = ('PASS', None)</msg>
<status status="PASS" starttime="20250526 09:34:27.876" endtime="20250526 09:34:28.674"/>
</kw>
<kw name="Convert To String" library="BuiltIn">
<var>${err_msg_wait}</var>
<arg>${wait_status[1]}</arg>
<doc>Converts the given item to a Unicode string.</doc>
<msg timestamp="20250526 09:34:28.675" level="INFO">${err_msg_wait} = None</msg>
<status status="PASS" starttime="20250526 09:34:28.674" endtime="20250526 09:34:28.675"/>
</kw>
<status status="PASS" starttime="20250526 09:34:27.875" endtime="20250526 09:34:28.675"/>
</branch>
<status status="PASS" starttime="20250526 09:34:27.874" endtime="20250526 09:34:28.676"/>
</if>
<status status="PASS" starttime="20250526 09:34:27.874" endtime="20250526 09:34:28.676"/>
</branch>
<branch type="ELSE">
<kw name="Set Variable" library="BuiltIn">
<var>${err_msg_wait}</var>
<arg>${EMPTY}</arg>
<doc>Returns the given values which can then be assigned to a variables.</doc>
<status status="NOT RUN" starttime="20250526 09:34:28.676" endtime="20250526 09:34:28.676"/>
</kw>
<status status="NOT RUN" starttime="20250526 09:34:28.676" endtime="20250526 09:34:28.676"/>
</branch>
<status status="PASS" starttime="20250526 09:34:27.874" endtime="20250526 09:34:28.676"/>
</if>
<kw name="Run Keyword And Ignore Error" library="BuiltIn">
<var>${tap_status}</var>
<arg>AppiumLibrary.Tap</arg>
<arg>${locator}</arg>
<doc>Runs the given keyword with the given arguments and ignores possible error.</doc>
<kw name="Tap" library="AppiumLibrary">
<arg>${locator}</arg>
<doc>Tap element identified by ``locator``. </doc>
<status status="PASS" starttime="20250526 09:34:28.676" endtime="20250526 09:34:29.197"/>
</kw>
<msg timestamp="20250526 09:34:29.199" level="INFO">${tap_status} = ('PASS', None)</msg>
<status status="PASS" starttime="20250526 09:34:28.676" endtime="20250526 09:34:29.199"/>
</kw>
<kw name="Convert To String" library="BuiltIn">
<var>${err_msg_tap}</var>
<arg>${tap_status[1]}</arg>
<doc>Converts the given item to a Unicode string.</doc>
<msg timestamp="20250526 09:34:29.205" level="INFO">${err_msg_tap} = None</msg>
<status status="PASS" starttime="20250526 09:34:29.201" endtime="20250526 09:34:29.205"/>
</kw>
<kw name="Evaluate" library="BuiltIn">
<var>${result}</var>
<arg>'${tap_status[0]}' == 'PASS'</arg>
<doc>Evaluates the given expression in Python and returns the result.</doc>
<msg timestamp="20250526 09:34:29.210" level="INFO">${result} = True</msg>
<status status="PASS" starttime="20250526 09:34:29.206" endtime="20250526 09:34:29.210"/>
</kw>
<kw name="Exit For Loop If" library="BuiltIn">
<arg>${result}</arg>
<doc>Stops executing the enclosing FOR loop if the ``condition`` is true.</doc>
<msg timestamp="20250526 09:34:29.211" level="INFO">Exiting for loop altogether.</msg>
<status status="PASS" starttime="20250526 09:34:29.211" endtime="20250526 09:34:29.213"/>
</kw>
<kw name="Set Variable" library="BuiltIn">
<var>${wait_until_ready}</var>
<arg>${TRUE}</arg>
<doc>Returns the given values which can then be assigned to a variables.</doc>
<status status="NOT RUN" starttime="20250526 09:34:29.213" endtime="20250526 09:34:29.213"/>
</kw>
<status status="PASS" starttime="20250526 09:34:27.873" endtime="20250526 09:34:29.213"/>
</iter>
<status status="PASS" starttime="20250526 09:34:27.873" endtime="20250526 09:34:29.213"/>
</for>
<kw name="Should Be True" library="BuiltIn">
<arg>${result}</arg>
<arg>msg='Unable to tap after ${${max_attempts}-1} attempts, with error ${err_msg_tap}, ${err_msg_wait},'</arg>
<doc>Fails if the given condition is not true.</doc>
<status status="PASS" starttime="20250526 09:34:29.214" endtime="20250526 09:34:29.216"/>
</kw>
<status status="PASS" starttime="20250526 09:34:27.871" endtime="20250526 09:34:29.217"/>
</kw>
<status status="PASS" starttime="20250526 09:34:27.870" endtime="20250526 09:34:29.217"/>
</kw>
<kw name="Verify Date Field Select Date and Tap Cancel" library="ttb_page">
<arg>${data_test['date_future']}</arg>
<kw name="Tap element when ready" library="common_app">
<arg>${ttb_locator['date']}</arg>
<doc>There are 2 modes; the first one is to wait until element is ready then tap (this is a default).</doc>
<for flavor="IN RANGE">
<var>${i}</var>
<value>1</value>
<value>${max_attempts}</value>
<iter>
<var name="${i}">1</var>
<if>
<branch type="IF" condition="'${wait_until_ready}' == '${True}'">
<if>
<branch type="IF" condition="${only_contain}">
<kw name="Run Keyword And Ignore Error" library="BuiltIn">
<var>${wait_status}</var>
<arg>Wait until page contain element except stale</arg>
<arg>${locator}</arg>
<arg>${timeout}</arg>
<doc>Runs the given keyword with the given arguments and ignores possible error.</doc>
<status status="NOT RUN" starttime="20250526 09:34:29.224" endtime="20250526 09:34:29.224"/>
</kw>
<kw name="Convert To String" library="BuiltIn">
<var>${err_msg_wait}</var>
<arg>${wait_status[1]}</arg>
<doc>Converts the given item to a Unicode string.</doc>
<status status="NOT RUN" starttime="20250526 09:34:29.224" endtime="20250526 09:34:29.224"/>
</kw>
<status status="NOT RUN" starttime="20250526 09:34:29.224" endtime="20250526 09:34:29.224"/>
</branch>
<branch type="ELSE">
<kw name="Run Keyword And Ignore Error" library="BuiltIn">
<var>${wait_status}</var>
<arg>Wait until element is visible except stale</arg>
<arg>${locator}</arg>
<arg>${timeout}</arg>
<doc>Runs the given keyword with the given arguments and ignores possible error.</doc>
<kw name="Wait until element is visible except stale" library="common_app">
<arg>${locator}</arg>
<arg>${timeout}</arg>
<doc>Wait until element is visible except stale</doc>
<for flavor="IN RANGE">
<var>${i}</var>
<value>1</value>
<value>${max_attempts}</value>
<iter>
<var name="${i}">1</var>
<kw name="Run Keyword And Ignore Error" library="BuiltIn">
<var>${is_visible}</var>
<arg>AppiumLibrary.Wait until element is visible</arg>
<arg>${locator}</arg>
<arg>${timeout}</arg>
<doc>Runs the given keyword with the given arguments and ignores possible error.</doc>
<kw name="Wait Until Element Is Visible" library="AppiumLibrary">
<arg>${locator}</arg>
<arg>${timeout}</arg>
<doc>Waits until element specified with `locator` is visible.</doc>
<status status="PASS" starttime="20250526 09:34:29.227" endtime="20250526 09:34:30.083"/>
</kw>
<msg timestamp="20250526 09:34:30.084" level="INFO">${is_visible} = ('PASS', None)</msg>
<status status="PASS" starttime="20250526 09:34:29.227" endtime="20250526 09:34:30.084"/>
</kw>
<kw name="Convert To String" library="BuiltIn">
<var>${err_msg}</var>
<arg>${is_visible[1]}</arg>
<doc>Converts the given item to a Unicode string.</doc>
<msg timestamp="20250526 09:34:30.085" level="INFO">${err_msg} = None</msg>
<status status="PASS" starttime="20250526 09:34:30.084" endtime="20250526 09:34:30.085"/>
</kw>
<kw name="Run Keyword And Return Status" library="BuiltIn">
<var>${is_not_stale}</var>
<arg>Should not contain</arg>
<arg>${err_msg}</arg>
<arg>StaleElementReferenceException</arg>
<doc>Runs the given keyword with given arguments and returns the status as a Boolean value.</doc>
<kw name="Should Not Contain" library="BuiltIn">
<arg>${err_msg}</arg>
<arg>StaleElementReferenceException</arg>
<doc>Fails if ``container`` contains ``item`` one or more times.</doc>
<status status="PASS" starttime="20250526 09:34:30.085" endtime="20250526 09:34:30.085"/>
</kw>
<msg timestamp="20250526 09:34:30.085" level="INFO">${is_not_stale} = True</msg>
<status status="PASS" starttime="20250526 09:34:30.085" endtime="20250526 09:34:30.085"/>
</kw>
<kw name="Run Keyword And Return Status" library="BuiltIn">
<var>${no_err_msg}</var>
<arg>Should be equal</arg>
<arg>${is_visible[0]}</arg>
<arg>PASS</arg>
<arg>msg=${err_msg}</arg>
<doc>Runs the given keyword with given arguments and returns the status as a Boolean value.</doc>
<kw name="Should Be Equal" library="BuiltIn">
<arg>${is_visible[0]}</arg>
<arg>PASS</arg>
<arg>msg=${err_msg}</arg>
<doc>Fails if the given objects are unequal.</doc>
<status status="PASS" starttime="20250526 09:34:30.086" endtime="20250526 09:34:30.087"/>
</kw>
<msg timestamp="20250526 09:34:30.087" level="INFO">${no_err_msg} = True</msg>
<status status="PASS" starttime="20250526 09:34:30.086" endtime="20250526 09:34:30.087"/>
</kw>
<kw name="Evaluate" library="BuiltIn">
<var>${result}</var>
<arg>${is_not_stale} and ${no_err_msg}</arg>
<doc>Evaluates the given expression in Python and returns the result.</doc>
<msg timestamp="20250526 09:34:30.087" level="INFO">${result} = True</msg>
<status status="PASS" starttime="20250526 09:34:30.087" endtime="20250526 09:34:30.087"/>
</kw>
<kw name="Exit For Loop If" library="BuiltIn">
<arg>${result}</arg>
<doc>Stops executing the enclosing FOR loop if the ``condition`` is true.</doc>
<msg timestamp="20250526 09:34:30.087" level="INFO">Exiting for loop altogether.</msg>
<status status="PASS" starttime="20250526 09:34:30.087" endtime="20250526 09:34:30.088"/>
</kw>
<status status="PASS" starttime="20250526 09:34:29.226" endtime="20250526 09:34:30.088"/>
</iter>
<status status="PASS" starttime="20250526 09:34:29.226" endtime="20250526 09:34:30.088"/>
</for>
<kw name="Should Be True" library="BuiltIn">
<arg>${result}</arg>
<arg>msg="element either in stale mode or not visible, error message is ${err_msg}"</arg>
<doc>Fails if the given condition is not true.</doc>
<status status="PASS" starttime="20250526 09:34:30.088" endtime="20250526 09:34:30.088"/>
</kw>
<status status="PASS" starttime="20250526 09:34:29.226" endtime="20250526 09:34:30.088"/>
</kw>
<msg timestamp="20250526 09:34:30.088" level="INFO">${wait_status} = ('PASS', None)</msg>
<status status="PASS" starttime="20250526 09:34:29.224" endtime="20250526 09:34:30.088"/>
</kw>
<kw name="Convert To String" library="BuiltIn">
<var>${err_msg_wait}</var>
<arg>${wait_status[1]}</arg>
<doc>Converts the given item to a Unicode string.</doc>
<msg timestamp="20250526 09:34:30.089" level="INFO">${err_msg_wait} = None</msg>
<status status="PASS" starttime="20250526 09:34:30.088" endtime="20250526 09:34:30.089"/>
</kw>
<status status="PASS" starttime="20250526 09:34:29.224" endtime="20250526 09:34:30.089"/>
</branch>
<status status="PASS" starttime="20250526 09:34:29.224" endtime="20250526 09:34:30.089"/>
</if>
<status status="PASS" starttime="20250526 09:34:29.224" endtime="20250526 09:34:30.089"/>
</branch>
<branch type="ELSE">
<kw name="Set Variable" library="BuiltIn">
<var>${err_msg_wait}</var>
<arg>${EMPTY}</arg>
<doc>Returns the given values which can then be assigned to a variables.</doc>
<status status="NOT RUN" starttime="20250526 09:34:30.089" endtime="20250526 09:34:30.089"/>
</kw>
<status status="NOT RUN" starttime="20250526 09:34:30.089" endtime="20250526 09:34:30.089"/>
</branch>
<status status="PASS" starttime="20250526 09:34:29.223" endtime="20250526 09:34:30.089"/>
</if>
<kw name="Run Keyword And Ignore Error" library="BuiltIn">
<var>${tap_status}</var>
<arg>AppiumLibrary.Tap</arg>
<arg>${locator}</arg>
<doc>Runs the given keyword with the given arguments and ignores possible error.</doc>
<kw name="Tap" library="AppiumLibrary">
<arg>${locator}</arg>
<doc>Tap element identified by ``locator``. </doc>
<status status="PASS" starttime="20250526 09:34:30.090" endtime="20250526 09:34:30.567"/>
</kw>
<msg timestamp="20250526 09:34:30.567" level="INFO">${tap_status} = ('PASS', None)</msg>
<status status="PASS" starttime="20250526 09:34:30.089" endtime="20250526 09:34:30.567"/>
</kw>
<kw name="Convert To String" library="BuiltIn">
<var>${err_msg_tap}</var>
<arg>${tap_status[1]}</arg>
<doc>Converts the given item to a Unicode string.</doc>
<msg timestamp="20250526 09:34:30.568" level="INFO">${err_msg_tap} = None</msg>
<status status="PASS" starttime="20250526 09:34:30.567" endtime="20250526 09:34:30.568"/>
</kw>
<kw name="Evaluate" library="BuiltIn">
<var>${result}</var>
<arg>'${tap_status[0]}' == 'PASS'</arg>
<doc>Evaluates the given expression in Python and returns the result.</doc>
<msg timestamp="20250526 09:34:30.569" level="INFO">${result} = True</msg>
<status status="PASS" starttime="20250526 09:34:30.568" endtime="20250526 09:34:30.569"/>
</kw>
<kw name="Exit For Loop If" library="BuiltIn">
<arg>${result}</arg>
<doc>Stops executing the enclosing FOR loop if the ``condition`` is true.</doc>
<msg timestamp="20250526 09:34:30.570" level="INFO">Exiting for loop altogether.</msg>
<status status="PASS" starttime="20250526 09:34:30.570" endtime="20250526 09:34:30.570"/>
</kw>
<kw name="Set Variable" library="BuiltIn">
<var>${wait_until_ready}</var>
<arg>${TRUE}</arg>
<doc>Returns the given values which can then be assigned to a variables.</doc>
<status status="NOT RUN" starttime="20250526 09:34:30.570" endtime="20250526 09:34:30.570"/>
</kw>
<status status="PASS" starttime="20250526 09:34:29.223" endtime="20250526 09:34:30.570"/>
</iter>
<status status="PASS" starttime="20250526 09:34:29.221" endtime="20250526 09:34:30.570"/>
</for>
<kw name="Should Be True" library="BuiltIn">
<arg>${result}</arg>
<arg>msg='Unable to tap after ${${max_attempts}-1} attempts, with error ${err_msg_tap}, ${err_msg_wait},'</arg>
<doc>Fails if the given condition is not true.</doc>
<status status="PASS" starttime="20250526 09:34:30.570" endtime="20250526 09:34:30.571"/>
</kw>
<status status="PASS" starttime="20250526 09:34:29.220" endtime="20250526 09:34:30.572"/>
</kw>
<kw name="Replace String" library="String">
<var>${select_date_calendor}</var>
<arg>${ttb_locator['select_date']}</arg>
<arg>{date}</arg>
<arg>${select_date}</arg>
<doc>Replaces ``search_for`` in the given ``string`` with ``replace_with``.</doc>
<msg timestamp="20250526 09:34:30.584" level="INFO">${select_date_calendor} =  xpath=//android.view.View[@content-desc='30 พฤษภาคม 2025']</msg>
<status status="PASS" starttime="20250526 09:34:30.574" endtime="20250526 09:34:30.586"/>
</kw>
<kw name="Tap element when ready" library="common_app">
<arg>${select_date_calendor}</arg>
<doc>There are 2 modes; the first one is to wait until element is ready then tap (this is a default).</doc>
<for flavor="IN RANGE">
<var>${i}</var>
<value>1</value>
<value>${max_attempts}</value>
<iter>
<var name="${i}">1</var>
<if>
<branch type="IF" condition="'${wait_until_ready}' == '${True}'">
<if>
<branch type="IF" condition="${only_contain}">
<kw name="Run Keyword And Ignore Error" library="BuiltIn">
<var>${wait_status}</var>
<arg>Wait until page contain element except stale</arg>
<arg>${locator}</arg>
<arg>${timeout}</arg>
<doc>Runs the given keyword with the given arguments and ignores possible error.</doc>
<status status="NOT RUN" starttime="20250526 09:34:30.589" endtime="20250526 09:34:30.589"/>
</kw>
<kw name="Convert To String" library="BuiltIn">
<var>${err_msg_wait}</var>
<arg>${wait_status[1]}</arg>
<doc>Converts the given item to a Unicode string.</doc>
<status status="NOT RUN" starttime="20250526 09:34:30.589" endtime="20250526 09:34:30.589"/>
</kw>
<status status="NOT RUN" starttime="20250526 09:34:30.589" endtime="20250526 09:34:30.589"/>
</branch>
<branch type="ELSE">
<kw name="Run Keyword And Ignore Error" library="BuiltIn">
<var>${wait_status}</var>
<arg>Wait until element is visible except stale</arg>
<arg>${locator}</arg>
<arg>${timeout}</arg>
<doc>Runs the given keyword with the given arguments and ignores possible error.</doc>
<kw name="Wait until element is visible except stale" library="common_app">
<arg>${locator}</arg>
<arg>${timeout}</arg>
<doc>Wait until element is visible except stale</doc>
<for flavor="IN RANGE">
<var>${i}</var>
<value>1</value>
<value>${max_attempts}</value>
<iter>
<var name="${i}">1</var>
<kw name="Run Keyword And Ignore Error" library="BuiltIn">
<var>${is_visible}</var>
<arg>AppiumLibrary.Wait until element is visible</arg>
<arg>${locator}</arg>
<arg>${timeout}</arg>
<doc>Runs the given keyword with the given arguments and ignores possible error.</doc>
<kw name="Wait Until Element Is Visible" library="AppiumLibrary">
<arg>${locator}</arg>
<arg>${timeout}</arg>
<doc>Waits until element specified with `locator` is visible.</doc>
<status status="PASS" starttime="20250526 09:34:30.590" endtime="20250526 09:34:32.914"/>
</kw>
<msg timestamp="20250526 09:34:32.916" level="INFO">${is_visible} = ('PASS', None)</msg>
<status status="PASS" starttime="20250526 09:34:30.590" endtime="20250526 09:34:32.916"/>
</kw>
<kw name="Convert To String" library="BuiltIn">
<var>${err_msg}</var>
<arg>${is_visible[1]}</arg>
<doc>Converts the given item to a Unicode string.</doc>
<msg timestamp="20250526 09:34:32.916" level="INFO">${err_msg} = None</msg>
<status status="PASS" starttime="20250526 09:34:32.916" endtime="20250526 09:34:32.916"/>
</kw>
<kw name="Run Keyword And Return Status" library="BuiltIn">
<var>${is_not_stale}</var>
<arg>Should not contain</arg>
<arg>${err_msg}</arg>
<arg>StaleElementReferenceException</arg>
<doc>Runs the given keyword with given arguments and returns the status as a Boolean value.</doc>
<kw name="Should Not Contain" library="BuiltIn">
<arg>${err_msg}</arg>
<arg>StaleElementReferenceException</arg>
<doc>Fails if ``container`` contains ``item`` one or more times.</doc>
<status status="PASS" starttime="20250526 09:34:32.916" endtime="20250526 09:34:32.916"/>
</kw>
<msg timestamp="20250526 09:34:32.916" level="INFO">${is_not_stale} = True</msg>
<status status="PASS" starttime="20250526 09:34:32.916" endtime="20250526 09:34:32.916"/>
</kw>
<kw name="Run Keyword And Return Status" library="BuiltIn">
<var>${no_err_msg}</var>
<arg>Should be equal</arg>
<arg>${is_visible[0]}</arg>
<arg>PASS</arg>
<arg>msg=${err_msg}</arg>
<doc>Runs the given keyword with given arguments and returns the status as a Boolean value.</doc>
<kw name="Should Be Equal" library="BuiltIn">
<arg>${is_visible[0]}</arg>
<arg>PASS</arg>
<arg>msg=${err_msg}</arg>
<doc>Fails if the given objects are unequal.</doc>
<status status="PASS" starttime="20250526 09:34:32.916" endtime="20250526 09:34:32.918"/>
</kw>
<msg timestamp="20250526 09:34:32.918" level="INFO">${no_err_msg} = True</msg>
<status status="PASS" starttime="20250526 09:34:32.916" endtime="20250526 09:34:32.918"/>
</kw>
<kw name="Evaluate" library="BuiltIn">
<var>${result}</var>
<arg>${is_not_stale} and ${no_err_msg}</arg>
<doc>Evaluates the given expression in Python and returns the result.</doc>
<msg timestamp="20250526 09:34:32.918" level="INFO">${result} = True</msg>
<status status="PASS" starttime="20250526 09:34:32.918" endtime="20250526 09:34:32.918"/>
</kw>
<kw name="Exit For Loop If" library="BuiltIn">
<arg>${result}</arg>
<doc>Stops executing the enclosing FOR loop if the ``condition`` is true.</doc>
<msg timestamp="20250526 09:34:32.919" level="INFO">Exiting for loop altogether.</msg>
<status status="PASS" starttime="20250526 09:34:32.919" endtime="20250526 09:34:32.919"/>
</kw>
<status status="PASS" starttime="20250526 09:34:30.590" endtime="20250526 09:34:32.919"/>
</iter>
<status status="PASS" starttime="20250526 09:34:30.590" endtime="20250526 09:34:32.919"/>
</for>
<kw name="Should Be True" library="BuiltIn">
<arg>${result}</arg>
<arg>msg="element either in stale mode or not visible, error message is ${err_msg}"</arg>
<doc>Fails if the given condition is not true.</doc>
<status status="PASS" starttime="20250526 09:34:32.919" endtime="20250526 09:34:32.919"/>
</kw>
<status status="PASS" starttime="20250526 09:34:30.590" endtime="20250526 09:34:32.919"/>
</kw>
<msg timestamp="20250526 09:34:32.919" level="INFO">${wait_status} = ('PASS', None)</msg>
<status status="PASS" starttime="20250526 09:34:30.589" endtime="20250526 09:34:32.919"/>
</kw>
<kw name="Convert To String" library="BuiltIn">
<var>${err_msg_wait}</var>
<arg>${wait_status[1]}</arg>
<doc>Converts the given item to a Unicode string.</doc>
<msg timestamp="20250526 09:34:32.920" level="INFO">${err_msg_wait} = None</msg>
<status status="PASS" starttime="20250526 09:34:32.920" endtime="20250526 09:34:32.920"/>
</kw>
<status status="PASS" starttime="20250526 09:34:30.589" endtime="20250526 09:34:32.920"/>
</branch>
<status status="PASS" starttime="20250526 09:34:30.589" endtime="20250526 09:34:32.920"/>
</if>
<status status="PASS" starttime="20250526 09:34:30.588" endtime="20250526 09:34:32.920"/>
</branch>
<branch type="ELSE">
<kw name="Set Variable" library="BuiltIn">
<var>${err_msg_wait}</var>
<arg>${EMPTY}</arg>
<doc>Returns the given values which can then be assigned to a variables.</doc>
<status status="NOT RUN" starttime="20250526 09:34:32.920" endtime="20250526 09:34:32.920"/>
</kw>
<status status="NOT RUN" starttime="20250526 09:34:32.920" endtime="20250526 09:34:32.920"/>
</branch>
<status status="PASS" starttime="20250526 09:34:30.588" endtime="20250526 09:34:32.920"/>
</if>
<kw name="Run Keyword And Ignore Error" library="BuiltIn">
<var>${tap_status}</var>
<arg>AppiumLibrary.Tap</arg>
<arg>${locator}</arg>
<doc>Runs the given keyword with the given arguments and ignores possible error.</doc>
<kw name="Tap" library="AppiumLibrary">
<arg>${locator}</arg>
<doc>Tap element identified by ``locator``. </doc>
<status status="PASS" starttime="20250526 09:34:32.921" endtime="20250526 09:34:34.349"/>
</kw>
<msg timestamp="20250526 09:34:34.349" level="INFO">${tap_status} = ('PASS', None)</msg>
<status status="PASS" starttime="20250526 09:34:32.921" endtime="20250526 09:34:34.350"/>
</kw>
<kw name="Convert To String" library="BuiltIn">
<var>${err_msg_tap}</var>
<arg>${tap_status[1]}</arg>
<doc>Converts the given item to a Unicode string.</doc>
<msg timestamp="20250526 09:34:34.350" level="INFO">${err_msg_tap} = None</msg>
<status status="PASS" starttime="20250526 09:34:34.350" endtime="20250526 09:34:34.350"/>
</kw>
<kw name="Evaluate" library="BuiltIn">
<var>${result}</var>
<arg>'${tap_status[0]}' == 'PASS'</arg>
<doc>Evaluates the given expression in Python and returns the result.</doc>
<msg timestamp="20250526 09:34:34.351" level="INFO">${result} = True</msg>
<status status="PASS" starttime="20250526 09:34:34.351" endtime="20250526 09:34:34.351"/>
</kw>
<kw name="Exit For Loop If" library="BuiltIn">
<arg>${result}</arg>
<doc>Stops executing the enclosing FOR loop if the ``condition`` is true.</doc>
<msg timestamp="20250526 09:34:34.351" level="INFO">Exiting for loop altogether.</msg>
<status status="PASS" starttime="20250526 09:34:34.351" endtime="20250526 09:34:34.351"/>
</kw>
<kw name="Set Variable" library="BuiltIn">
<var>${wait_until_ready}</var>
<arg>${TRUE}</arg>
<doc>Returns the given values which can then be assigned to a variables.</doc>
<status status="NOT RUN" starttime="20250526 09:34:34.353" endtime="20250526 09:34:34.353"/>
</kw>
<status status="PASS" starttime="20250526 09:34:30.588" endtime="20250526 09:34:34.353"/>
</iter>
<status status="PASS" starttime="20250526 09:34:30.586" endtime="20250526 09:34:34.353"/>
</for>
<kw name="Should Be True" library="BuiltIn">
<arg>${result}</arg>
<arg>msg='Unable to tap after ${${max_attempts}-1} attempts, with error ${err_msg_tap}, ${err_msg_wait},'</arg>
<doc>Fails if the given condition is not true.</doc>
<status status="PASS" starttime="20250526 09:34:34.353" endtime="20250526 09:34:34.353"/>
</kw>
<status status="PASS" starttime="20250526 09:34:30.586" endtime="20250526 09:34:34.353"/>
</kw>
<kw name="Tap element when ready" library="common_app">
<arg>${ttb_locator['btn_cancel']}</arg>
<doc>There are 2 modes; the first one is to wait until element is ready then tap (this is a default).</doc>
<for flavor="IN RANGE">
<var>${i}</var>
<value>1</value>
<value>${max_attempts}</value>
<iter>
<var name="${i}">1</var>
<if>
<branch type="IF" condition="'${wait_until_ready}' == '${True}'">
<if>
<branch type="IF" condition="${only_contain}">
<kw name="Run Keyword And Ignore Error" library="BuiltIn">
<var>${wait_status}</var>
<arg>Wait until page contain element except stale</arg>
<arg>${locator}</arg>
<arg>${timeout}</arg>
<doc>Runs the given keyword with the given arguments and ignores possible error.</doc>
<status status="NOT RUN" starttime="20250526 09:34:34.355" endtime="20250526 09:34:34.355"/>
</kw>
<kw name="Convert To String" library="BuiltIn">
<var>${err_msg_wait}</var>
<arg>${wait_status[1]}</arg>
<doc>Converts the given item to a Unicode string.</doc>
<status status="NOT RUN" starttime="20250526 09:34:34.355" endtime="20250526 09:34:34.355"/>
</kw>
<status status="NOT RUN" starttime="20250526 09:34:34.355" endtime="20250526 09:34:34.355"/>
</branch>
<branch type="ELSE">
<kw name="Run Keyword And Ignore Error" library="BuiltIn">
<var>${wait_status}</var>
<arg>Wait until element is visible except stale</arg>
<arg>${locator}</arg>
<arg>${timeout}</arg>
<doc>Runs the given keyword with the given arguments and ignores possible error.</doc>
<kw name="Wait until element is visible except stale" library="common_app">
<arg>${locator}</arg>
<arg>${timeout}</arg>
<doc>Wait until element is visible except stale</doc>
<for flavor="IN RANGE">
<var>${i}</var>
<value>1</value>
<value>${max_attempts}</value>
<iter>
<var name="${i}">1</var>
<kw name="Run Keyword And Ignore Error" library="BuiltIn">
<var>${is_visible}</var>
<arg>AppiumLibrary.Wait until element is visible</arg>
<arg>${locator}</arg>
<arg>${timeout}</arg>
<doc>Runs the given keyword with the given arguments and ignores possible error.</doc>
<kw name="Wait Until Element Is Visible" library="AppiumLibrary">
<arg>${locator}</arg>
<arg>${timeout}</arg>
<doc>Waits until element specified with `locator` is visible.</doc>
<status status="PASS" starttime="20250526 09:34:34.356" endtime="20250526 09:34:34.991"/>
</kw>
<msg timestamp="20250526 09:34:34.991" level="INFO">${is_visible} = ('PASS', None)</msg>
<status status="PASS" starttime="20250526 09:34:34.356" endtime="20250526 09:34:34.991"/>
</kw>
<kw name="Convert To String" library="BuiltIn">
<var>${err_msg}</var>
<arg>${is_visible[1]}</arg>
<doc>Converts the given item to a Unicode string.</doc>
<msg timestamp="20250526 09:34:34.993" level="INFO">${err_msg} = None</msg>
<status status="PASS" starttime="20250526 09:34:34.991" endtime="20250526 09:34:34.993"/>
</kw>
<kw name="Run Keyword And Return Status" library="BuiltIn">
<var>${is_not_stale}</var>
<arg>Should not contain</arg>
<arg>${err_msg}</arg>
<arg>StaleElementReferenceException</arg>
<doc>Runs the given keyword with given arguments and returns the status as a Boolean value.</doc>
<kw name="Should Not Contain" library="BuiltIn">
<arg>${err_msg}</arg>
<arg>StaleElementReferenceException</arg>
<doc>Fails if ``container`` contains ``item`` one or more times.</doc>
<status status="PASS" starttime="20250526 09:34:34.993" endtime="20250526 09:34:34.993"/>
</kw>
<msg timestamp="20250526 09:34:34.993" level="INFO">${is_not_stale} = True</msg>
<status status="PASS" starttime="20250526 09:34:34.993" endtime="20250526 09:34:34.993"/>
</kw>
<kw name="Run Keyword And Return Status" library="BuiltIn">
<var>${no_err_msg}</var>
<arg>Should be equal</arg>
<arg>${is_visible[0]}</arg>
<arg>PASS</arg>
<arg>msg=${err_msg}</arg>
<doc>Runs the given keyword with given arguments and returns the status as a Boolean value.</doc>
<kw name="Should Be Equal" library="BuiltIn">
<arg>${is_visible[0]}</arg>
<arg>PASS</arg>
<arg>msg=${err_msg}</arg>
<doc>Fails if the given objects are unequal.</doc>
<status status="PASS" starttime="20250526 09:34:34.994" endtime="20250526 09:34:34.995"/>
</kw>
<msg timestamp="20250526 09:34:34.995" level="INFO">${no_err_msg} = True</msg>
<status status="PASS" starttime="20250526 09:34:34.993" endtime="20250526 09:34:34.995"/>
</kw>
<kw name="Evaluate" library="BuiltIn">
<var>${result}</var>
<arg>${is_not_stale} and ${no_err_msg}</arg>
<doc>Evaluates the given expression in Python and returns the result.</doc>
<msg timestamp="20250526 09:34:34.996" level="INFO">${result} = True</msg>
<status status="PASS" starttime="20250526 09:34:34.996" endtime="20250526 09:34:34.996"/>
</kw>
<kw name="Exit For Loop If" library="BuiltIn">
<arg>${result}</arg>
<doc>Stops executing the enclosing FOR loop if the ``condition`` is true.</doc>
<msg timestamp="20250526 09:34:34.996" level="INFO">Exiting for loop altogether.</msg>
<status status="PASS" starttime="20250526 09:34:34.996" endtime="20250526 09:34:34.996"/>
</kw>
<status status="PASS" starttime="20250526 09:34:34.356" endtime="20250526 09:34:34.996"/>
</iter>
<status status="PASS" starttime="20250526 09:34:34.355" endtime="20250526 09:34:34.996"/>
</for>
<kw name="Should Be True" library="BuiltIn">
<arg>${result}</arg>
<arg>msg="element either in stale mode or not visible, error message is ${err_msg}"</arg>
<doc>Fails if the given condition is not true.</doc>
<status status="PASS" starttime="20250526 09:34:34.997" endtime="20250526 09:34:34.997"/>
</kw>
<status status="PASS" starttime="20250526 09:34:34.355" endtime="20250526 09:34:34.997"/>
</kw>
<msg timestamp="20250526 09:34:34.997" level="INFO">${wait_status} = ('PASS', None)</msg>
<status status="PASS" starttime="20250526 09:34:34.355" endtime="20250526 09:34:34.997"/>
</kw>
<kw name="Convert To String" library="BuiltIn">
<var>${err_msg_wait}</var>
<arg>${wait_status[1]}</arg>
<doc>Converts the given item to a Unicode string.</doc>
<msg timestamp="20250526 09:34:34.998" level="INFO">${err_msg_wait} = None</msg>
<status status="PASS" starttime="20250526 09:34:34.997" endtime="20250526 09:34:34.998"/>
</kw>
<status status="PASS" starttime="20250526 09:34:34.355" endtime="20250526 09:34:34.998"/>
</branch>
<status status="PASS" starttime="20250526 09:34:34.355" endtime="20250526 09:34:34.998"/>
</if>
<status status="PASS" starttime="20250526 09:34:34.354" endtime="20250526 09:34:34.998"/>
</branch>
<branch type="ELSE">
<kw name="Set Variable" library="BuiltIn">
<var>${err_msg_wait}</var>
<arg>${EMPTY}</arg>
<doc>Returns the given values which can then be assigned to a variables.</doc>
<status status="NOT RUN" starttime="20250526 09:34:34.998" endtime="20250526 09:34:34.998"/>
</kw>
<status status="NOT RUN" starttime="20250526 09:34:34.998" endtime="20250526 09:34:34.998"/>
</branch>
<status status="PASS" starttime="20250526 09:34:34.354" endtime="20250526 09:34:34.998"/>
</if>
<kw name="Run Keyword And Ignore Error" library="BuiltIn">
<var>${tap_status}</var>
<arg>AppiumLibrary.Tap</arg>
<arg>${locator}</arg>
<doc>Runs the given keyword with the given arguments and ignores possible error.</doc>
<kw name="Tap" library="AppiumLibrary">
<arg>${locator}</arg>
<doc>Tap element identified by ``locator``. </doc>
<status status="PASS" starttime="20250526 09:34:34.998" endtime="20250526 09:34:35.824"/>
</kw>
<msg timestamp="20250526 09:34:35.826" level="INFO">${tap_status} = ('PASS', None)</msg>
<status status="PASS" starttime="20250526 09:34:34.998" endtime="20250526 09:34:35.826"/>
</kw>
<kw name="Convert To String" library="BuiltIn">
<var>${err_msg_tap}</var>
<arg>${tap_status[1]}</arg>
<doc>Converts the given item to a Unicode string.</doc>
<msg timestamp="20250526 09:34:35.826" level="INFO">${err_msg_tap} = None</msg>
<status status="PASS" starttime="20250526 09:34:35.826" endtime="20250526 09:34:35.826"/>
</kw>
<kw name="Evaluate" library="BuiltIn">
<var>${result}</var>
<arg>'${tap_status[0]}' == 'PASS'</arg>
<doc>Evaluates the given expression in Python and returns the result.</doc>
<msg timestamp="20250526 09:34:35.829" level="INFO">${result} = True</msg>
<status status="PASS" starttime="20250526 09:34:35.828" endtime="20250526 09:34:35.829"/>
</kw>
<kw name="Exit For Loop If" library="BuiltIn">
<arg>${result}</arg>
<doc>Stops executing the enclosing FOR loop if the ``condition`` is true.</doc>
<msg timestamp="20250526 09:34:35.829" level="INFO">Exiting for loop altogether.</msg>
<status status="PASS" starttime="20250526 09:34:35.829" endtime="20250526 09:34:35.829"/>
</kw>
<kw name="Set Variable" library="BuiltIn">
<var>${wait_until_ready}</var>
<arg>${TRUE}</arg>
<doc>Returns the given values which can then be assigned to a variables.</doc>
<status status="NOT RUN" starttime="20250526 09:34:35.829" endtime="20250526 09:34:35.829"/>
</kw>
<status status="PASS" starttime="20250526 09:34:34.354" endtime="20250526 09:34:35.829"/>
</iter>
<status status="PASS" starttime="20250526 09:34:34.354" endtime="20250526 09:34:35.829"/>
</for>
<kw name="Should Be True" library="BuiltIn">
<arg>${result}</arg>
<arg>msg='Unable to tap after ${${max_attempts}-1} attempts, with error ${err_msg_tap}, ${err_msg_wait},'</arg>
<doc>Fails if the given condition is not true.</doc>
<status status="PASS" starttime="20250526 09:34:35.830" endtime="20250526 09:34:35.830"/>
</kw>
<status status="PASS" starttime="20250526 09:34:34.354" endtime="20250526 09:34:35.831"/>
</kw>
<kw name="Wait Until Element Is Visible" library="AppiumLibrary">
<arg>${ttb_locator['date_today']}</arg>
<doc>Waits until element specified with `locator` is visible.</doc>
<status status="PASS" starttime="20250526 09:34:35.831" endtime="20250526 09:34:36.454"/>
</kw>
<status status="PASS" starttime="20250526 09:34:29.218" endtime="20250526 09:34:36.456"/>
</kw>
<kw name="Verify Date Field Select Date and Tap Cancel" library="ttb_page">
<arg>${data_test['date_past']}</arg>
<kw name="Tap element when ready" library="common_app">
<arg>${ttb_locator['date']}</arg>
<doc>There are 2 modes; the first one is to wait until element is ready then tap (this is a default).</doc>
<for flavor="IN RANGE">
<var>${i}</var>
<value>1</value>
<value>${max_attempts}</value>
<iter>
<var name="${i}">1</var>
<if>
<branch type="IF" condition="'${wait_until_ready}' == '${True}'">
<if>
<branch type="IF" condition="${only_contain}">
<kw name="Run Keyword And Ignore Error" library="BuiltIn">
<var>${wait_status}</var>
<arg>Wait until page contain element except stale</arg>
<arg>${locator}</arg>
<arg>${timeout}</arg>
<doc>Runs the given keyword with the given arguments and ignores possible error.</doc>
<status status="NOT RUN" starttime="20250526 09:34:36.461" endtime="20250526 09:34:36.461"/>
</kw>
<kw name="Convert To String" library="BuiltIn">
<var>${err_msg_wait}</var>
<arg>${wait_status[1]}</arg>
<doc>Converts the given item to a Unicode string.</doc>
<status status="NOT RUN" starttime="20250526 09:34:36.461" endtime="20250526 09:34:36.461"/>
</kw>
<status status="NOT RUN" starttime="20250526 09:34:36.461" endtime="20250526 09:34:36.461"/>
</branch>
<branch type="ELSE">
<kw name="Run Keyword And Ignore Error" library="BuiltIn">
<var>${wait_status}</var>
<arg>Wait until element is visible except stale</arg>
<arg>${locator}</arg>
<arg>${timeout}</arg>
<doc>Runs the given keyword with the given arguments and ignores possible error.</doc>
<kw name="Wait until element is visible except stale" library="common_app">
<arg>${locator}</arg>
<arg>${timeout}</arg>
<doc>Wait until element is visible except stale</doc>
<for flavor="IN RANGE">
<var>${i}</var>
<value>1</value>
<value>${max_attempts}</value>
<iter>
<var name="${i}">1</var>
<kw name="Run Keyword And Ignore Error" library="BuiltIn">
<var>${is_visible}</var>
<arg>AppiumLibrary.Wait until element is visible</arg>
<arg>${locator}</arg>
<arg>${timeout}</arg>
<doc>Runs the given keyword with the given arguments and ignores possible error.</doc>
<kw name="Wait Until Element Is Visible" library="AppiumLibrary">
<arg>${locator}</arg>
<arg>${timeout}</arg>
<doc>Waits until element specified with `locator` is visible.</doc>
<status status="PASS" starttime="20250526 09:34:36.463" endtime="20250526 09:34:36.705"/>
</kw>
<msg timestamp="20250526 09:34:36.705" level="INFO">${is_visible} = ('PASS', None)</msg>
<status status="PASS" starttime="20250526 09:34:36.463" endtime="20250526 09:34:36.705"/>
</kw>
<kw name="Convert To String" library="BuiltIn">
<var>${err_msg}</var>
<arg>${is_visible[1]}</arg>
<doc>Converts the given item to a Unicode string.</doc>
<msg timestamp="20250526 09:34:36.706" level="INFO">${err_msg} = None</msg>
<status status="PASS" starttime="20250526 09:34:36.705" endtime="20250526 09:34:36.706"/>
</kw>
<kw name="Run Keyword And Return Status" library="BuiltIn">
<var>${is_not_stale}</var>
<arg>Should not contain</arg>
<arg>${err_msg}</arg>
<arg>StaleElementReferenceException</arg>
<doc>Runs the given keyword with given arguments and returns the status as a Boolean value.</doc>
<kw name="Should Not Contain" library="BuiltIn">
<arg>${err_msg}</arg>
<arg>StaleElementReferenceException</arg>
<doc>Fails if ``container`` contains ``item`` one or more times.</doc>
<status status="PASS" starttime="20250526 09:34:36.707" endtime="20250526 09:34:36.707"/>
</kw>
<msg timestamp="20250526 09:34:36.707" level="INFO">${is_not_stale} = True</msg>
<status status="PASS" starttime="20250526 09:34:36.706" endtime="20250526 09:34:36.707"/>
</kw>
<kw name="Run Keyword And Return Status" library="BuiltIn">
<var>${no_err_msg}</var>
<arg>Should be equal</arg>
<arg>${is_visible[0]}</arg>
<arg>PASS</arg>
<arg>msg=${err_msg}</arg>
<doc>Runs the given keyword with given arguments and returns the status as a Boolean value.</doc>
<kw name="Should Be Equal" library="BuiltIn">
<arg>${is_visible[0]}</arg>
<arg>PASS</arg>
<arg>msg=${err_msg}</arg>
<doc>Fails if the given objects are unequal.</doc>
<status status="PASS" starttime="20250526 09:34:36.707" endtime="20250526 09:34:36.708"/>
</kw>
<msg timestamp="20250526 09:34:36.708" level="INFO">${no_err_msg} = True</msg>
<status status="PASS" starttime="20250526 09:34:36.707" endtime="20250526 09:34:36.708"/>
</kw>
<kw name="Evaluate" library="BuiltIn">
<var>${result}</var>
<arg>${is_not_stale} and ${no_err_msg}</arg>
<doc>Evaluates the given expression in Python and returns the result.</doc>
<msg timestamp="20250526 09:34:36.708" level="INFO">${result} = True</msg>
<status status="PASS" starttime="20250526 09:34:36.708" endtime="20250526 09:34:36.708"/>
</kw>
<kw name="Exit For Loop If" library="BuiltIn">
<arg>${result}</arg>
<doc>Stops executing the enclosing FOR loop if the ``condition`` is true.</doc>
<msg timestamp="20250526 09:34:36.708" level="INFO">Exiting for loop altogether.</msg>
<status status="PASS" starttime="20250526 09:34:36.708" endtime="20250526 09:34:36.709"/>
</kw>
<status status="PASS" starttime="20250526 09:34:36.461" endtime="20250526 09:34:36.709"/>
</iter>
<status status="PASS" starttime="20250526 09:34:36.461" endtime="20250526 09:34:36.709"/>
</for>
<kw name="Should Be True" library="BuiltIn">
<arg>${result}</arg>
<arg>msg="element either in stale mode or not visible, error message is ${err_msg}"</arg>
<doc>Fails if the given condition is not true.</doc>
<status status="PASS" starttime="20250526 09:34:36.709" endtime="20250526 09:34:36.709"/>
</kw>
<status status="PASS" starttime="20250526 09:34:36.461" endtime="20250526 09:34:36.709"/>
</kw>
<msg timestamp="20250526 09:34:36.709" level="INFO">${wait_status} = ('PASS', None)</msg>
<status status="PASS" starttime="20250526 09:34:36.461" endtime="20250526 09:34:36.709"/>
</kw>
<kw name="Convert To String" library="BuiltIn">
<var>${err_msg_wait}</var>
<arg>${wait_status[1]}</arg>
<doc>Converts the given item to a Unicode string.</doc>
<msg timestamp="20250526 09:34:36.710" level="INFO">${err_msg_wait} = None</msg>
<status status="PASS" starttime="20250526 09:34:36.709" endtime="20250526 09:34:36.710"/>
</kw>
<status status="PASS" starttime="20250526 09:34:36.461" endtime="20250526 09:34:36.710"/>
</branch>
<status status="PASS" starttime="20250526 09:34:36.461" endtime="20250526 09:34:36.710"/>
</if>
<status status="PASS" starttime="20250526 09:34:36.461" endtime="20250526 09:34:36.710"/>
</branch>
<branch type="ELSE">
<kw name="Set Variable" library="BuiltIn">
<var>${err_msg_wait}</var>
<arg>${EMPTY}</arg>
<doc>Returns the given values which can then be assigned to a variables.</doc>
<status status="NOT RUN" starttime="20250526 09:34:36.710" endtime="20250526 09:34:36.710"/>
</kw>
<status status="NOT RUN" starttime="20250526 09:34:36.710" endtime="20250526 09:34:36.710"/>
</branch>
<status status="PASS" starttime="20250526 09:34:36.461" endtime="20250526 09:34:36.711"/>
</if>
<kw name="Run Keyword And Ignore Error" library="BuiltIn">
<var>${tap_status}</var>
<arg>AppiumLibrary.Tap</arg>
<arg>${locator}</arg>
<doc>Runs the given keyword with the given arguments and ignores possible error.</doc>
<kw name="Tap" library="AppiumLibrary">
<arg>${locator}</arg>
<doc>Tap element identified by ``locator``. </doc>
<status status="PASS" starttime="20250526 09:34:36.711" endtime="20250526 09:34:37.209"/>
</kw>
<msg timestamp="20250526 09:34:37.210" level="INFO">${tap_status} = ('PASS', None)</msg>
<status status="PASS" starttime="20250526 09:34:36.711" endtime="20250526 09:34:37.210"/>
</kw>
<kw name="Convert To String" library="BuiltIn">
<var>${err_msg_tap}</var>
<arg>${tap_status[1]}</arg>
<doc>Converts the given item to a Unicode string.</doc>
<msg timestamp="20250526 09:34:37.217" level="INFO">${err_msg_tap} = None</msg>
<status status="PASS" starttime="20250526 09:34:37.211" endtime="20250526 09:34:37.217"/>
</kw>
<kw name="Evaluate" library="BuiltIn">
<var>${result}</var>
<arg>'${tap_status[0]}' == 'PASS'</arg>
<doc>Evaluates the given expression in Python and returns the result.</doc>
<msg timestamp="20250526 09:34:37.219" level="INFO">${result} = True</msg>
<status status="PASS" starttime="20250526 09:34:37.217" endtime="20250526 09:34:37.219"/>
</kw>
<kw name="Exit For Loop If" library="BuiltIn">
<arg>${result}</arg>
<doc>Stops executing the enclosing FOR loop if the ``condition`` is true.</doc>
<msg timestamp="20250526 09:34:37.219" level="INFO">Exiting for loop altogether.</msg>
<status status="PASS" starttime="20250526 09:34:37.219" endtime="20250526 09:34:37.219"/>
</kw>
<kw name="Set Variable" library="BuiltIn">
<var>${wait_until_ready}</var>
<arg>${TRUE}</arg>
<doc>Returns the given values which can then be assigned to a variables.</doc>
<status status="NOT RUN" starttime="20250526 09:34:37.219" endtime="20250526 09:34:37.219"/>
</kw>
<status status="PASS" starttime="20250526 09:34:36.461" endtime="20250526 09:34:37.219"/>
</iter>
<status status="PASS" starttime="20250526 09:34:36.460" endtime="20250526 09:34:37.219"/>
</for>
<kw name="Should Be True" library="BuiltIn">
<arg>${result}</arg>
<arg>msg='Unable to tap after ${${max_attempts}-1} attempts, with error ${err_msg_tap}, ${err_msg_wait},'</arg>
<doc>Fails if the given condition is not true.</doc>
<status status="PASS" starttime="20250526 09:34:37.220" endtime="20250526 09:34:37.220"/>
</kw>
<status status="PASS" starttime="20250526 09:34:36.460" endtime="20250526 09:34:37.221"/>
</kw>
<kw name="Replace String" library="String">
<var>${select_date_calendor}</var>
<arg>${ttb_locator['select_date']}</arg>
<arg>{date}</arg>
<arg>${select_date}</arg>
<doc>Replaces ``search_for`` in the given ``string`` with ``replace_with``.</doc>
<msg timestamp="20250526 09:34:37.223" level="INFO">${select_date_calendor} =  xpath=//android.view.View[@content-desc='10 พฤษภาคม 2025']</msg>
<status status="PASS" starttime="20250526 09:34:37.221" endtime="20250526 09:34:37.223"/>
</kw>
<kw name="Tap element when ready" library="common_app">
<arg>${select_date_calendor}</arg>
<doc>There are 2 modes; the first one is to wait until element is ready then tap (this is a default).</doc>
<for flavor="IN RANGE">
<var>${i}</var>
<value>1</value>
<value>${max_attempts}</value>
<iter>
<var name="${i}">1</var>
<if>
<branch type="IF" condition="'${wait_until_ready}' == '${True}'">
<if>
<branch type="IF" condition="${only_contain}">
<kw name="Run Keyword And Ignore Error" library="BuiltIn">
<var>${wait_status}</var>
<arg>Wait until page contain element except stale</arg>
<arg>${locator}</arg>
<arg>${timeout}</arg>
<doc>Runs the given keyword with the given arguments and ignores possible error.</doc>
<status status="NOT RUN" starttime="20250526 09:34:37.230" endtime="20250526 09:34:37.230"/>
</kw>
<kw name="Convert To String" library="BuiltIn">
<var>${err_msg_wait}</var>
<arg>${wait_status[1]}</arg>
<doc>Converts the given item to a Unicode string.</doc>
<status status="NOT RUN" starttime="20250526 09:34:37.230" endtime="20250526 09:34:37.230"/>
</kw>
<status status="NOT RUN" starttime="20250526 09:34:37.230" endtime="20250526 09:34:37.230"/>
</branch>
<branch type="ELSE">
<kw name="Run Keyword And Ignore Error" library="BuiltIn">
<var>${wait_status}</var>
<arg>Wait until element is visible except stale</arg>
<arg>${locator}</arg>
<arg>${timeout}</arg>
<doc>Runs the given keyword with the given arguments and ignores possible error.</doc>
<kw name="Wait until element is visible except stale" library="common_app">
<arg>${locator}</arg>
<arg>${timeout}</arg>
<doc>Wait until element is visible except stale</doc>
<for flavor="IN RANGE">
<var>${i}</var>
<value>1</value>
<value>${max_attempts}</value>
<iter>
<var name="${i}">1</var>
<kw name="Run Keyword And Ignore Error" library="BuiltIn">
<var>${is_visible}</var>
<arg>AppiumLibrary.Wait until element is visible</arg>
<arg>${locator}</arg>
<arg>${timeout}</arg>
<doc>Runs the given keyword with the given arguments and ignores possible error.</doc>
<kw name="Wait Until Element Is Visible" library="AppiumLibrary">
<arg>${locator}</arg>
<arg>${timeout}</arg>
<doc>Waits until element specified with `locator` is visible.</doc>
<status status="PASS" starttime="20250526 09:34:37.237" endtime="20250526 09:34:39.516"/>
</kw>
<msg timestamp="20250526 09:34:39.516" level="INFO">${is_visible} = ('PASS', None)</msg>
<status status="PASS" starttime="20250526 09:34:37.231" endtime="20250526 09:34:39.516"/>
</kw>
<kw name="Convert To String" library="BuiltIn">
<var>${err_msg}</var>
<arg>${is_visible[1]}</arg>
<doc>Converts the given item to a Unicode string.</doc>
<msg timestamp="20250526 09:34:39.517" level="INFO">${err_msg} = None</msg>
<status status="PASS" starttime="20250526 09:34:39.516" endtime="20250526 09:34:39.517"/>
</kw>
<kw name="Run Keyword And Return Status" library="BuiltIn">
<var>${is_not_stale}</var>
<arg>Should not contain</arg>
<arg>${err_msg}</arg>
<arg>StaleElementReferenceException</arg>
<doc>Runs the given keyword with given arguments and returns the status as a Boolean value.</doc>
<kw name="Should Not Contain" library="BuiltIn">
<arg>${err_msg}</arg>
<arg>StaleElementReferenceException</arg>
[...]
<var>${wait_status}</var>
<arg>Wait until element is visible except stale</arg>
<arg>${locator}</arg>
<arg>${timeout}</arg>
<doc>Runs the given keyword with the given arguments and ignores possible error.</doc>
<kw name="Wait until element is visible except stale" library="common_app">
<arg>${locator}</arg>
<arg>${timeout}</arg>
<doc>Wait until element is visible except stale</doc>
<for flavor="IN RANGE">
<var>${i}</var>
<value>1</value>
<value>${max_attempts}</value>
<iter>
<var name="${i}">1</var>
<kw name="Run Keyword And Ignore Error" library="BuiltIn">
<var>${is_visible}</var>
<arg>AppiumLibrary.Wait until element is visible</arg>
<arg>${locator}</arg>
<arg>${timeout}</arg>
<doc>Runs the given keyword with the given arguments and ignores possible error.</doc>
<kw name="Wait Until Element Is Visible" library="AppiumLibrary">
<arg>${locator}</arg>
<arg>${timeout}</arg>
<doc>Waits until element specified with `locator` is visible.</doc>
<status status="PASS" starttime="20250526 09:35:00.354" endtime="20250526 09:35:00.479"/>
</kw>
<msg timestamp="20250526 09:35:00.480" level="INFO">${is_visible} = ('PASS', None)</msg>
<status status="PASS" starttime="20250526 09:35:00.354" endtime="20250526 09:35:00.480"/>
</kw>
<kw name="Convert To String" library="BuiltIn">
<var>${err_msg}</var>
<arg>${is_visible[1]}</arg>
<doc>Converts the given item to a Unicode string.</doc>
<msg timestamp="20250526 09:35:00.481" level="INFO">${err_msg} = None</msg>
<status status="PASS" starttime="20250526 09:35:00.480" endtime="20250526 09:35:00.481"/>
</kw>
<kw name="Run Keyword And Return Status" library="BuiltIn">
<var>${is_not_stale}</var>
<arg>Should not contain</arg>
<arg>${err_msg}</arg>
<arg>StaleElementReferenceException</arg>
<doc>Runs the given keyword with given arguments and returns the status as a Boolean value.</doc>
<kw name="Should Not Contain" library="BuiltIn">
<arg>${err_msg}</arg>
<arg>StaleElementReferenceException</arg>
<doc>Fails if ``container`` contains ``item`` one or more times.</doc>
<status status="PASS" starttime="20250526 09:35:00.481" endtime="20250526 09:35:00.481"/>
</kw>
<msg timestamp="20250526 09:35:00.481" level="INFO">${is_not_stale} = True</msg>
<status status="PASS" starttime="20250526 09:35:00.481" endtime="20250526 09:35:00.481"/>
</kw>
<kw name="Run Keyword And Return Status" library="BuiltIn">
<var>${no_err_msg}</var>
<arg>Should be equal</arg>
<arg>${is_visible[0]}</arg>
<arg>PASS</arg>
<arg>msg=${err_msg}</arg>
<doc>Runs the given keyword with given arguments and returns the status as a Boolean value.</doc>
<kw name="Should Be Equal" library="BuiltIn">
<arg>${is_visible[0]}</arg>
<arg>PASS</arg>
<arg>msg=${err_msg}</arg>
<doc>Fails if the given objects are unequal.</doc>
<status status="PASS" starttime="20250526 09:35:00.481" endtime="20250526 09:35:00.482"/>
</kw>
<msg timestamp="20250526 09:35:00.482" level="INFO">${no_err_msg} = True</msg>
<status status="PASS" starttime="20250526 09:35:00.481" endtime="20250526 09:35:00.482"/>
</kw>
<kw name="Evaluate" library="BuiltIn">
<var>${result}</var>
<arg>${is_not_stale} and ${no_err_msg}</arg>
<doc>Evaluates the given expression in Python and returns the result.</doc>
<msg timestamp="20250526 09:35:00.482" level="INFO">${result} = True</msg>
<status status="PASS" starttime="20250526 09:35:00.482" endtime="20250526 09:35:00.482"/>
</kw>
<kw name="Exit For Loop If" library="BuiltIn">
<arg>${result}</arg>
<doc>Stops executing the enclosing FOR loop if the ``condition`` is true.</doc>
<msg timestamp="20250526 09:35:00.482" level="INFO">Exiting for loop altogether.</msg>
<status status="PASS" starttime="20250526 09:35:00.482" endtime="20250526 09:35:00.482"/>
</kw>
<status status="PASS" starttime="20250526 09:35:00.354" endtime="20250526 09:35:00.482"/>
</iter>
<status status="PASS" starttime="20250526 09:35:00.353" endtime="20250526 09:35:00.482"/>
</for>
<kw name="Should Be True" library="BuiltIn">
<arg>${result}</arg>
<arg>msg="element either in stale mode or not visible, error message is ${err_msg}"</arg>
<doc>Fails if the given condition is not true.</doc>
<status status="PASS" starttime="20250526 09:35:00.484" endtime="20250526 09:35:00.484"/>
</kw>
<status status="PASS" starttime="20250526 09:35:00.353" endtime="20250526 09:35:00.484"/>
</kw>
<msg timestamp="20250526 09:35:00.484" level="INFO">${wait_status} = ('PASS', None)</msg>
<status status="PASS" starttime="20250526 09:35:00.353" endtime="20250526 09:35:00.484"/>
</kw>
<kw name="Convert To String" library="BuiltIn">
<var>${err_msg_wait}</var>
<arg>${wait_status[1]}</arg>
<doc>Converts the given item to a Unicode string.</doc>
<msg timestamp="20250526 09:35:00.486" level="INFO">${err_msg_wait} = None</msg>
<status status="PASS" starttime="20250526 09:35:00.484" endtime="20250526 09:35:00.486"/>
</kw>
<status status="PASS" starttime="20250526 09:35:00.353" endtime="20250526 09:35:00.486"/>
</branch>
<status status="PASS" starttime="20250526 09:35:00.352" endtime="20250526 09:35:00.486"/>
</if>
<status status="PASS" starttime="20250526 09:35:00.352" endtime="20250526 09:35:00.486"/>
</branch>
<branch type="ELSE">
<kw name="Set Variable" library="BuiltIn">
<var>${err_msg_wait}</var>
<arg>${EMPTY}</arg>
<doc>Returns the given values which can then be assigned to a variables.</doc>
<status status="NOT RUN" starttime="20250526 09:35:00.486" endtime="20250526 09:35:00.486"/>
</kw>
<status status="NOT RUN" starttime="20250526 09:35:00.486" endtime="20250526 09:35:00.486"/>
</branch>
<status status="PASS" starttime="20250526 09:35:00.352" endtime="20250526 09:35:00.486"/>
</if>
<kw name="Run Keyword And Ignore Error" library="BuiltIn">
<var>${tap_status}</var>
<arg>AppiumLibrary.Tap</arg>
<arg>${locator}</arg>
<doc>Runs the given keyword with the given arguments and ignores possible error.</doc>
<kw name="Tap" library="AppiumLibrary">
<arg>${locator}</arg>
<doc>Tap element identified by ``locator``. </doc>
<status status="PASS" starttime="20250526 09:35:00.486" endtime="20250526 09:35:01.979"/>
</kw>
<msg timestamp="20250526 09:35:01.979" level="INFO">${tap_status} = ('PASS', None)</msg>
<status status="PASS" starttime="20250526 09:35:00.486" endtime="20250526 09:35:01.979"/>
</kw>
<kw name="Convert To String" library="BuiltIn">
<var>${err_msg_tap}</var>
<arg>${tap_status[1]}</arg>
<doc>Converts the given item to a Unicode string.</doc>
<msg timestamp="20250526 09:35:01.980" level="INFO">${err_msg_tap} = None</msg>
<status status="PASS" starttime="20250526 09:35:01.979" endtime="20250526 09:35:01.980"/>
</kw>
<kw name="Evaluate" library="BuiltIn">
<var>${result}</var>
<arg>'${tap_status[0]}' == 'PASS'</arg>
<doc>Evaluates the given expression in Python and returns the result.</doc>
<msg timestamp="20250526 09:35:01.981" level="INFO">${result} = True</msg>
<status status="PASS" starttime="20250526 09:35:01.980" endtime="20250526 09:35:01.981"/>
</kw>
<kw name="Exit For Loop If" library="BuiltIn">
<arg>${result}</arg>
<doc>Stops executing the enclosing FOR loop if the ``condition`` is true.</doc>
<msg timestamp="20250526 09:35:01.982" level="INFO">Exiting for loop altogether.</msg>
<status status="PASS" starttime="20250526 09:35:01.981" endtime="20250526 09:35:01.982"/>
</kw>
<kw name="Set Variable" library="BuiltIn">
<var>${wait_until_ready}</var>
<arg>${TRUE}</arg>
<doc>Returns the given values which can then be assigned to a variables.</doc>
<status status="NOT RUN" starttime="20250526 09:35:01.982" endtime="20250526 09:35:01.982"/>
</kw>
<status status="PASS" starttime="20250526 09:35:00.352" endtime="20250526 09:35:01.982"/>
</iter>
<status status="PASS" starttime="20250526 09:35:00.352" endtime="20250526 09:35:01.982"/>
</for>
<kw name="Should Be True" library="BuiltIn">
<arg>${result}</arg>
<arg>msg='Unable to tap after ${${max_attempts}-1} attempts, with error ${err_msg_tap}, ${err_msg_wait},'</arg>
<doc>Fails if the given condition is not true.</doc>
<status status="PASS" starttime="20250526 09:35:01.983" endtime="20250526 09:35:01.984"/>
</kw>
<status status="PASS" starttime="20250526 09:35:00.351" endtime="20250526 09:35:01.984"/>
</kw>
<status status="PASS" starttime="20250526 09:35:00.351" endtime="20250526 09:35:01.984"/>
</kw>
<kw name="Verify About page" library="ttb_page">
<kw name="Wait Until Element Is Visible" library="AppiumLibrary">
<arg>${ttb_locator['check_text_minimal']}</arg>
<doc>Waits until element specified with `locator` is visible.</doc>
<status status="PASS" starttime="20250526 09:35:01.985" endtime="20250526 09:35:02.228"/>
</kw>
<kw name="Wait Until Element Is Visible" library="AppiumLibrary">
<arg>${ttb_locator['check_text_version']}</arg>
<doc>Waits until element specified with `locator` is visible.</doc>
<status status="PASS" starttime="20250526 09:35:02.228" endtime="20250526 09:35:02.407"/>
</kw>
<kw name="Wait Until Element Is Visible" library="AppiumLibrary">
<arg>${ttb_locator['check_text_made_by']}</arg>
<doc>Waits until element specified with `locator` is visible.</doc>
<status status="PASS" starttime="20250526 09:35:02.408" endtime="20250526 09:35:02.584"/>
</kw>
<kw name="Wait Until Element Is Visible" library="AppiumLibrary">
<arg>${ttb_locator['check_text_contact']}</arg>
<doc>Waits until element specified with `locator` is visible.</doc>
<status status="PASS" starttime="20250526 09:35:02.584" endtime="20250526 09:35:02.797"/>
</kw>
<kw name="Wait Until Element Is Visible" library="AppiumLibrary">
<arg>${ttb_locator['check_text_email']}</arg>
<doc>Waits until element specified with `locator` is visible.</doc>
<status status="PASS" starttime="20250526 09:35:02.797" endtime="20250526 09:35:02.994"/>
</kw>
<status status="PASS" starttime="20250526 09:35:01.985" endtime="20250526 09:35:02.994"/>
</kw>
<kw name="Tap Button Back" library="ttb_page">
<kw name="Tap element when ready" library="common_app">
<arg>${ttb_locator['btn_back']}</arg>
<doc>There are 2 modes; the first one is to wait until element is ready then tap (this is a default).</doc>
<for flavor="IN RANGE">
<var>${i}</var>
<value>1</value>
<value>${max_attempts}</value>
<iter>
<var name="${i}">1</var>
<if>
<branch type="IF" condition="'${wait_until_ready}' == '${True}'">
<if>
<branch type="IF" condition="${only_contain}">
<kw name="Run Keyword And Ignore Error" library="BuiltIn">
<var>${wait_status}</var>
<arg>Wait until page contain element except stale</arg>
<arg>${locator}</arg>
<arg>${timeout}</arg>
<doc>Runs the given keyword with the given arguments and ignores possible error.</doc>
<status status="NOT RUN" starttime="20250526 09:35:02.997" endtime="20250526 09:35:02.997"/>
</kw>
<kw name="Convert To String" library="BuiltIn">
<var>${err_msg_wait}</var>
<arg>${wait_status[1]}</arg>
<doc>Converts the given item to a Unicode string.</doc>
<status status="NOT RUN" starttime="20250526 09:35:02.997" endtime="20250526 09:35:02.997"/>
</kw>
<status status="NOT RUN" starttime="20250526 09:35:02.996" endtime="20250526 09:35:02.997"/>
</branch>
<branch type="ELSE">
<kw name="Run Keyword And Ignore Error" library="BuiltIn">
<var>${wait_status}</var>
<arg>Wait until element is visible except stale</arg>
<arg>${locator}</arg>
<arg>${timeout}</arg>
<doc>Runs the given keyword with the given arguments and ignores possible error.</doc>
<kw name="Wait until element is visible except stale" library="common_app">
<arg>${locator}</arg>
<arg>${timeout}</arg>
<doc>Wait until element is visible except stale</doc>
<for flavor="IN RANGE">
<var>${i}</var>
<value>1</value>
<value>${max_attempts}</value>
<iter>
<var name="${i}">1</var>
<kw name="Run Keyword And Ignore Error" library="BuiltIn">
<var>${is_visible}</var>
<arg>AppiumLibrary.Wait until element is visible</arg>
<arg>${locator}</arg>
<arg>${timeout}</arg>
<doc>Runs the given keyword with the given arguments and ignores possible error.</doc>
<kw name="Wait Until Element Is Visible" library="AppiumLibrary">
<arg>${locator}</arg>
<arg>${timeout}</arg>
<doc>Waits until element specified with `locator` is visible.</doc>
<status status="PASS" starttime="20250526 09:35:02.998" endtime="20250526 09:35:03.164"/>
</kw>
<msg timestamp="20250526 09:35:03.164" level="INFO">${is_visible} = ('PASS', None)</msg>
<status status="PASS" starttime="20250526 09:35:02.997" endtime="20250526 09:35:03.164"/>
</kw>
<kw name="Convert To String" library="BuiltIn">
<var>${err_msg}</var>
<arg>${is_visible[1]}</arg>
<doc>Converts the given item to a Unicode string.</doc>
<msg timestamp="20250526 09:35:03.165" level="INFO">${err_msg} = None</msg>
<status status="PASS" starttime="20250526 09:35:03.164" endtime="20250526 09:35:03.165"/>
</kw>
<kw name="Run Keyword And Return Status" library="BuiltIn">
<var>${is_not_stale}</var>
<arg>Should not contain</arg>
<arg>${err_msg}</arg>
<arg>StaleElementReferenceException</arg>
<doc>Runs the given keyword with given arguments and returns the status as a Boolean value.</doc>
<kw name="Should Not Contain" library="BuiltIn">
<arg>${err_msg}</arg>
<arg>StaleElementReferenceException</arg>
<doc>Fails if ``container`` contains ``item`` one or more times.</doc>
<status status="PASS" starttime="20250526 09:35:03.166" endtime="20250526 09:35:03.166"/>
</kw>
<msg timestamp="20250526 09:35:03.166" level="INFO">${is_not_stale} = True</msg>
<status status="PASS" starttime="20250526 09:35:03.166" endtime="20250526 09:35:03.166"/>
</kw>
<kw name="Run Keyword And Return Status" library="BuiltIn">
<var>${no_err_msg}</var>
<arg>Should be equal</arg>
<arg>${is_visible[0]}</arg>
<arg>PASS</arg>
<arg>msg=${err_msg}</arg>
<doc>Runs the given keyword with given arguments and returns the status as a Boolean value.</doc>
<kw name="Should Be Equal" library="BuiltIn">
<arg>${is_visible[0]}</arg>
<arg>PASS</arg>
<arg>msg=${err_msg}</arg>
<doc>Fails if the given objects are unequal.</doc>
<status status="PASS" starttime="20250526 09:35:03.166" endtime="20250526 09:35:03.167"/>
</kw>
<msg timestamp="20250526 09:35:03.167" level="INFO">${no_err_msg} = True</msg>
<status status="PASS" starttime="20250526 09:35:03.166" endtime="20250526 09:35:03.167"/>
</kw>
<kw name="Evaluate" library="BuiltIn">
<var>${result}</var>
<arg>${is_not_stale} and ${no_err_msg}</arg>
<doc>Evaluates the given expression in Python and returns the result.</doc>
<msg timestamp="20250526 09:35:03.168" level="INFO">${result} = True</msg>
<status status="PASS" starttime="20250526 09:35:03.167" endtime="20250526 09:35:03.168"/>
</kw>
<kw name="Exit For Loop If" library="BuiltIn">
<arg>${result}</arg>
<doc>Stops executing the enclosing FOR loop if the ``condition`` is true.</doc>
<msg timestamp="20250526 09:35:03.168" level="INFO">Exiting for loop altogether.</msg>
<status status="PASS" starttime="20250526 09:35:03.168" endtime="20250526 09:35:03.168"/>
</kw>
<status status="PASS" starttime="20250526 09:35:02.997" endtime="20250526 09:35:03.168"/>
</iter>
<status status="PASS" starttime="20250526 09:35:02.997" endtime="20250526 09:35:03.168"/>
</for>
<kw name="Should Be True" library="BuiltIn">
<arg>${result}</arg>
<arg>msg="element either in stale mode or not visible, error message is ${err_msg}"</arg>
<doc>Fails if the given condition is not true.</doc>
<status status="PASS" starttime="20250526 09:35:03.168" endtime="20250526 09:35:03.169"/>
</kw>
<status status="PASS" starttime="20250526 09:35:02.997" endtime="20250526 09:35:03.169"/>
</kw>
<msg timestamp="20250526 09:35:03.169" level="INFO">${wait_status} = ('PASS', None)</msg>
<status status="PASS" starttime="20250526 09:35:02.997" endtime="20250526 09:35:03.169"/>
</kw>
<kw name="Convert To String" library="BuiltIn">
<var>${err_msg_wait}</var>
<arg>${wait_status[1]}</arg>
<doc>Converts the given item to a Unicode string.</doc>
<msg timestamp="20250526 09:35:03.170" level="INFO">${err_msg_wait} = None</msg>
<status status="PASS" starttime="20250526 09:35:03.169" endtime="20250526 09:35:03.170"/>
</kw>
<status status="PASS" starttime="20250526 09:35:02.997" endtime="20250526 09:35:03.170"/>
</branch>
<status status="PASS" starttime="20250526 09:35:02.996" endtime="20250526 09:35:03.170"/>
</if>
<status status="PASS" starttime="20250526 09:35:02.996" endtime="20250526 09:35:03.170"/>
</branch>
<branch type="ELSE">
<kw name="Set Variable" library="BuiltIn">
<var>${err_msg_wait}</var>
<arg>${EMPTY}</arg>
<doc>Returns the given values which can then be assigned to a variables.</doc>
<status status="NOT RUN" starttime="20250526 09:35:03.170" endtime="20250526 09:35:03.170"/>
</kw>
<status status="NOT RUN" starttime="20250526 09:35:03.170" endtime="20250526 09:35:03.170"/>
</branch>
<status status="PASS" starttime="20250526 09:35:02.996" endtime="20250526 09:35:03.170"/>
</if>
<kw name="Run Keyword And Ignore Error" library="BuiltIn">
<var>${tap_status}</var>
<arg>AppiumLibrary.Tap</arg>
<arg>${locator}</arg>
<doc>Runs the given keyword with the given arguments and ignores possible error.</doc>
<kw name="Tap" library="AppiumLibrary">
<arg>${locator}</arg>
<doc>Tap element identified by ``locator``. </doc>
<status status="PASS" starttime="20250526 09:35:03.170" endtime="20250526 09:35:03.590"/>
</kw>
<msg timestamp="20250526 09:35:03.591" level="INFO">${tap_status} = ('PASS', None)</msg>
<status status="PASS" starttime="20250526 09:35:03.170" endtime="20250526 09:35:03.591"/>
</kw>
<kw name="Convert To String" library="BuiltIn">
<var>${err_msg_tap}</var>
<arg>${tap_status[1]}</arg>
<doc>Converts the given item to a Unicode string.</doc>
<msg timestamp="20250526 09:35:03.596" level="INFO">${err_msg_tap} = None</msg>
<status status="PASS" starttime="20250526 09:35:03.593" endtime="20250526 09:35:03.596"/>
</kw>
<kw name="Evaluate" library="BuiltIn">
<var>${result}</var>
<arg>'${tap_status[0]}' == 'PASS'</arg>
<doc>Evaluates the given expression in Python and returns the result.</doc>
<msg timestamp="20250526 09:35:03.599" level="INFO">${result} = True</msg>
<status status="PASS" starttime="20250526 09:35:03.596" endtime="20250526 09:35:03.599"/>
</kw>
<kw name="Exit For Loop If" library="BuiltIn">
<arg>${result}</arg>
<doc>Stops executing the enclosing FOR loop if the ``condition`` is true.</doc>
<msg timestamp="20250526 09:35:03.599" level="INFO">Exiting for loop altogether.</msg>
<status status="PASS" starttime="20250526 09:35:03.599" endtime="20250526 09:35:03.599"/>
</kw>
<kw name="Set Variable" library="BuiltIn">
<var>${wait_until_ready}</var>
<arg>${TRUE}</arg>
<doc>Returns the given values which can then be assigned to a variables.</doc>
<status status="NOT RUN" starttime="20250526 09:35:03.600" endtime="20250526 09:35:03.600"/>
</kw>
<status status="PASS" starttime="20250526 09:35:02.996" endtime="20250526 09:35:03.600"/>
</iter>
<status status="PASS" starttime="20250526 09:35:02.996" endtime="20250526 09:35:03.600"/>
</for>
<kw name="Should Be True" library="BuiltIn">
<arg>${result}</arg>
<arg>msg='Unable to tap after ${${max_attempts}-1} attempts, with error ${err_msg_tap}, ${err_msg_wait},'</arg>
<doc>Fails if the given condition is not true.</doc>
<status status="PASS" starttime="20250526 09:35:03.600" endtime="20250526 09:35:03.601"/>
</kw>
<status status="PASS" starttime="20250526 09:35:02.995" endtime="20250526 09:35:03.601"/>
</kw>
<status status="PASS" starttime="20250526 09:35:02.995" endtime="20250526 09:35:03.601"/>
</kw>
<status status="PASS" starttime="20250526 09:34:05.113" endtime="20250526 09:35:03.601"/>
</test>
<status status="PASS" starttime="20250526 09:34:02.709" endtime="20250526 09:35:03.603"/>
</suite>
<statistics>
<total>
<stat pass="1" fail="0" skip="0">All Tests</stat>
</total>
<tag>
</tag>
<suite>
<stat pass="1" fail="0" skip="0" id="s1" name="Tc Ttb 01">Tc Ttb 01</stat>
</suite>
</statistics>
<errors>
<msg timestamp="20250526 09:34:05.084" level="ERROR">Error in file 'C:\NAT\Desktop\Automation test\Mobile\resources\import.robot' on line 39: Processing variable file 'C:\NAT\Desktop\Automation test\Mobile\resources\translation\th.yaml' failed: YAML variable file must be a mapping, got None.</msg>
</errors>
</robot>
